[13/Dec/2018 16:10:00 ] settings     INFO     Welcome to Hue 3.9.0
[13/Dec/2018 16:10:00 ] appmanager   DEBUG    Loaded Desktop Libraries: hadoop, liboauth, liboozie, libopenid, librdbms, libsaml, libsentry, libsolr, libzookeeper
[13/Dec/2018 16:10:00 ] appmanager   DEBUG    Loaded Desktop Applications: indexer, about, beeswax, filebrowser, hbase, help, impala, jobbrowser, jobsub, metastore, oozie, pig, proxy, rdbms, search, security, spark, sqoop, useradmin, zookeeper
[13/Dec/2018 16:10:00 ] settings     DEBUG    Installed Django modules: DesktopModule(hadoop: hadoop),DesktopModule(liboauth: liboauth),DesktopModule(liboozie: liboozie),DesktopModule(libopenid: libopenid),DesktopModule(librdbms: librdbms),DesktopModule(libsaml: libsaml),DesktopModule(libsentry: libsentry),DesktopModule(libsolr: libsolr),DesktopModule(libzookeeper: libzookeeper),DesktopModule(Hue: desktop),DesktopModule(Solr Indexer: indexer),DesktopModule(About: about),DesktopModule(Hive Editor: beeswax),DesktopModule(File Browser: filebrowser),DesktopModule(HBase Browser: hbase),DesktopModule(Help: help),DesktopModule(Impala Editor: impala),DesktopModule(Job Browser: jobbrowser),DesktopModule(Job Designer: jobsub),DesktopModule(Metastore Manager: metastore),DesktopModule(Oozie Editor/Dashboard: oozie),DesktopModule(Pig Editor: pig),DesktopModule(Proxy: proxy),DesktopModule(RDBMS UI: rdbms),DesktopModule(Solr Search: search),DesktopModule(Hadoop Security: security),DesktopModule(Spark: spark),DesktopModule(Sqoop: sqoop),DesktopModule(User Admin: useradmin),DesktopModule(ZooKeeper Browser: zookeeper)
[13/Dec/2018 16:10:00 ] settings     DEBUG    DESKTOP_DB_TEST_NAME SET: /home/XLS_PlatForm/hue-release-3.9.0/desktop/desktop-test.db
[13/Dec/2018 00:10:01 -0800] __init__     WARNING  Couldn't import snappy. Support for snappy compression disabled.
[13/Dec/2018 00:10:01 -0800] generic      DEBUG    execute "CREATE TABLE "pig_document" ("owner_id" integer NOT NULL, "is_design" bool NOT NULL, "id" integer NOT NULL PRIMARY KEY)" with params "[]"
[13/Dec/2018 00:10:01 -0800] generic      DEBUG    execute "CREATE TABLE "pig_pigscript" ("document_ptr_id" integer NOT NULL PRIMARY KEY, "data" text NOT NULL)" with params "[]"
[13/Dec/2018 00:10:01 -0800] generic      DEBUG    execute "CREATE INDEX "pig_document_cb902d83" ON "pig_document" ("owner_id");" with params "[]"
[13/Dec/2018 00:10:01 -0800] generic      DEBUG    execute "CREATE INDEX "pig_document_63cbf1fe" ON "pig_document" ("is_design");" with params "[]"
[13/Dec/2018 00:10:01 -0800] generic      DEBUG    execute "CREATE TABLE "oozie_job" ("is_shared" bool NOT NULL, "description" varchar(1024) NOT NULL, "parameters" text NOT NULL, "deployment_dir" varchar(1024) NOT NULL, "schema_version" varchar(128) NOT NULL, "last_modified" datetime NOT NULL, "owner_id" integer NOT NULL, "id" integer NOT NULL PRIMARY KEY, "name" varchar(40) NOT NULL)" with params "[]"
[13/Dec/2018 00:10:01 -0800] generic      DEBUG    execute "CREATE TABLE "oozie_workflow" ("job_xml" varchar(512) NOT NULL, "end_id" integer NULL, "is_single" bool NOT NULL, "job_ptr_id" integer NOT NULL PRIMARY KEY, "job_properties" text NOT NULL, "start_id" integer NULL)" with params "[]"
[13/Dec/2018 00:10:01 -0800] generic      DEBUG    execute "CREATE TABLE "oozie_link" ("comment" varchar(1024) NOT NULL, "name" varchar(40) NOT NULL, "id" integer NOT NULL PRIMARY KEY, "parent_id" integer NOT NULL, "child_id" integer NOT NULL)" with params "[]"
[13/Dec/2018 00:10:01 -0800] generic      DEBUG    execute "CREATE TABLE "oozie_node" ("description" varchar(1024) NOT NULL, "workflow_id" integer NOT NULL, "id" integer NOT NULL PRIMARY KEY, "node_type" varchar(64) NOT NULL, "name" varchar(40) NOT NULL)" with params "[]"
[13/Dec/2018 00:10:01 -0800] generic      DEBUG    execute "CREATE TABLE "oozie_mapreduce" ("files" varchar(512) NOT NULL, "job_xml" varchar(512) NOT NULL, "jar_path" varchar(512) NOT NULL, "job_properties" text NOT NULL, "archives" varchar(512) NOT NULL, "node_ptr_id" integer NOT NULL UNIQUE, "prepares" text NOT NULL)" with params "[]"
[13/Dec/2018 00:10:01 -0800] generic      DEBUG    execute "CREATE TABLE "oozie_streaming" ("files" varchar(512) NOT NULL, "mapper" varchar(512) NOT NULL, "reducer" varchar(512) NOT NULL, "job_properties" text NOT NULL, "archives" varchar(512) NOT NULL, "node_ptr_id" integer NOT NULL PRIMARY KEY)" with params "[]"
[13/Dec/2018 00:10:01 -0800] generic      DEBUG    execute "CREATE TABLE "oozie_java" ("files" varchar(512) NOT NULL, "job_xml" varchar(512) NOT NULL, "jar_path" varchar(512) NOT NULL, "java_opts" varchar(256) NOT NULL, "args" text NOT NULL, "job_properties" text NOT NULL, "prepares" text NOT NULL, "archives" varchar(512) NOT NULL, "node_ptr_id" integer NOT NULL PRIMARY KEY, "main_class" varchar(256) NOT NULL)" with params "[]"
[13/Dec/2018 00:10:01 -0800] generic      DEBUG    execute "CREATE TABLE "oozie_pig" ("files" varchar(512) NOT NULL, "job_xml" varchar(512) NOT NULL, "job_properties" text NOT NULL, "params" text NOT NULL, "archives" varchar(512) NOT NULL, "node_ptr_id" integer NOT NULL PRIMARY KEY, "prepares" text NOT NULL, "script_path" varchar(256) NOT NULL)" with params "[]"
[13/Dec/2018 00:10:01 -0800] generic      DEBUG    execute "CREATE TABLE "oozie_start" ("node_ptr_id" integer NOT NULL UNIQUE)" with params "[]"
[13/Dec/2018 00:10:01 -0800] generic      DEBUG    execute "CREATE TABLE "oozie_end" ("node_ptr_id" integer NOT NULL PRIMARY KEY)" with params "[]"
[13/Dec/2018 00:10:01 -0800] generic      DEBUG    execute "CREATE TABLE "oozie_kill" ("message" varchar(256) NOT NULL, "node_ptr_id" integer NOT NULL PRIMARY KEY)" with params "[]"
[13/Dec/2018 00:10:01 -0800] generic      DEBUG    execute "CREATE TABLE "oozie_fork" ("node_ptr_id" integer NOT NULL PRIMARY KEY)" with params "[]"
[13/Dec/2018 00:10:01 -0800] generic      DEBUG    execute "CREATE TABLE "oozie_join" ("node_ptr_id" integer NOT NULL PRIMARY KEY)" with params "[]"
[13/Dec/2018 00:10:01 -0800] generic      DEBUG    execute "CREATE TABLE "oozie_coordinator" ("end" datetime NOT NULL, "concurrency" smallint unsigned NULL, "frequency_number" smallint NOT NULL, "workflow_id" integer NULL, "job_ptr_id" integer NOT NULL PRIMARY KEY, "frequency_unit" varchar(20) NOT NULL, "start" datetime NOT NULL, "timeout" smallint NULL, "timezone" varchar(24) NOT NULL, "throttle" smallint unsigned NULL, "execution" varchar(10) NULL)" with params "[]"
[13/Dec/2018 00:10:01 -0800] generic      DEBUG    execute "CREATE TABLE "oozie_dataset" ("description" varchar(1024) NOT NULL, "frequency_number" smallint NOT NULL, "coordinator_id" integer NOT NULL, "frequency_unit" varchar(20) NOT NULL, "uri" varchar(1024) NOT NULL, "start" datetime NOT NULL, "timezone" varchar(24) NOT NULL, "done_flag" varchar(64) NOT NULL, "id" integer NOT NULL PRIMARY KEY, "name" varchar(40) NOT NULL)" with params "[]"
[13/Dec/2018 00:10:01 -0800] generic      DEBUG    execute "CREATE TABLE "oozie_datainput" ("coordinator_id" integer NOT NULL, "dataset_id" integer NOT NULL UNIQUE, "id" integer NOT NULL PRIMARY KEY, "name" varchar(40) NOT NULL)" with params "[]"
[13/Dec/2018 00:10:01 -0800] generic      DEBUG    execute "CREATE TABLE "oozie_dataoutput" ("coordinator_id" integer NOT NULL, "dataset_id" integer NOT NULL UNIQUE, "id" integer NOT NULL PRIMARY KEY, "name" varchar(40) NOT NULL)" with params "[]"
[13/Dec/2018 00:10:01 -0800] generic      DEBUG    execute "CREATE TABLE "oozie_history" ("submission_date" datetime NOT NULL, "job_id" integer NOT NULL, "properties" text NOT NULL, "oozie_job_id" varchar(128) NOT NULL, "submitter_id" integer NOT NULL, "id" integer NOT NULL PRIMARY KEY)" with params "[]"
[13/Dec/2018 00:10:01 -0800] generic      DEBUG    execute "CREATE INDEX "oozie_job_b91b90da" ON "oozie_job" ("is_shared");" with params "[]"
[13/Dec/2018 00:10:01 -0800] generic      DEBUG    execute "CREATE INDEX "oozie_job_5ccb38e5" ON "oozie_job" ("last_modified");" with params "[]"
[13/Dec/2018 00:10:01 -0800] generic      DEBUG    execute "CREATE INDEX "oozie_job_cb902d83" ON "oozie_job" ("owner_id");" with params "[]"
[13/Dec/2018 00:10:01 -0800] generic      DEBUG    execute "CREATE INDEX "oozie_workflow_536e023f" ON "oozie_workflow" ("end_id");" with params "[]"
[13/Dec/2018 00:10:01 -0800] generic      DEBUG    execute "CREATE INDEX "oozie_workflow_6f89268d" ON "oozie_workflow" ("start_id");" with params "[]"
[13/Dec/2018 00:10:01 -0800] generic      DEBUG    execute "CREATE INDEX "oozie_link_410d0aac" ON "oozie_link" ("parent_id");" with params "[]"
[13/Dec/2018 00:10:01 -0800] generic      DEBUG    execute "CREATE INDEX "oozie_link_0b25fb00" ON "oozie_link" ("child_id");" with params "[]"
[13/Dec/2018 00:10:01 -0800] generic      DEBUG    execute "CREATE INDEX "oozie_node_17b2fdb1" ON "oozie_node" ("workflow_id");" with params "[]"
[13/Dec/2018 00:10:01 -0800] generic      DEBUG    execute "CREATE INDEX "oozie_coordinator_17b2fdb1" ON "oozie_coordinator" ("workflow_id");" with params "[]"
[13/Dec/2018 00:10:01 -0800] generic      DEBUG    execute "CREATE INDEX "oozie_dataset_a376e044" ON "oozie_dataset" ("coordinator_id");" with params "[]"
[13/Dec/2018 00:10:01 -0800] generic      DEBUG    execute "CREATE INDEX "oozie_datainput_a376e044" ON "oozie_datainput" ("coordinator_id");" with params "[]"
[13/Dec/2018 00:10:01 -0800] generic      DEBUG    execute "CREATE INDEX "oozie_dataoutput_a376e044" ON "oozie_dataoutput" ("coordinator_id");" with params "[]"
[13/Dec/2018 00:10:01 -0800] generic      DEBUG    execute "CREATE INDEX "oozie_history_0ebd36f3" ON "oozie_history" ("submission_date");" with params "[]"
[13/Dec/2018 00:10:01 -0800] generic      DEBUG    execute "CREATE INDEX "oozie_history_218f3960" ON "oozie_history" ("job_id");" with params "[]"
[13/Dec/2018 00:10:01 -0800] generic      DEBUG    execute "CREATE INDEX "oozie_history_5f7282ee" ON "oozie_history" ("submitter_id");" with params "[]"
[13/Dec/2018 00:10:01 -0800] generic      DEBUG    execute "CREATE TABLE "oozie_hive" ("files" varchar(512) NOT NULL, "job_xml" varchar(512) NOT NULL, "job_properties" text NOT NULL, "params" text NOT NULL, "archives" varchar(512) NOT NULL, "node_ptr_id" integer NOT NULL PRIMARY KEY, "prepares" text NOT NULL, "script_path" varchar(256) NOT NULL)" with params "[]"
[13/Dec/2018 00:10:01 -0800] generic      DEBUG    execute "CREATE TABLE "oozie_sqoop" ("files" varchar(512) NOT NULL, "job_xml" varchar(512) NOT NULL, "job_properties" text NOT NULL, "params" text NOT NULL, "archives" varchar(512) NOT NULL, "node_ptr_id" integer NOT NULL PRIMARY KEY, "prepares" text NOT NULL, "script_path" varchar(256) NOT NULL)" with params "[]"
[13/Dec/2018 00:10:01 -0800] generic      DEBUG    execute "CREATE TABLE "oozie_ssh" ("capture_output" bool NOT NULL, "host" varchar(256) NOT NULL, "params" text NOT NULL, "user" varchar(64) NOT NULL, "node_ptr_id" integer NOT NULL PRIMARY KEY, "command" varchar(256) NOT NULL)" with params "[]"
[13/Dec/2018 00:10:02 -0800] generic      DEBUG    execute "CREATE TABLE "oozie_shell" ("files" varchar(512) NOT NULL, "job_xml" varchar(512) NOT NULL, "job_properties" text NOT NULL, "capture_output" bool NOT NULL, "params" text NOT NULL, "archives" varchar(512) NOT NULL, "node_ptr_id" integer NOT NULL PRIMARY KEY, "prepares" text NOT NULL, "command" varchar(256) NOT NULL)" with params "[]"
[13/Dec/2018 00:10:02 -0800] generic      DEBUG    execute "CREATE TABLE "_south_new_oozie_java" ("files" text NOT NULL, "job_xml" varchar(512) NOT NULL, "node_ptr_id" integer PRIMARY KEY, "jar_path" varchar(512) NOT NULL, "java_opts" varchar(256) NOT NULL, "args" text NOT NULL, "job_properties" text NOT NULL, "main_class" varchar(256) NOT NULL, "archives" varchar(512) NOT NULL, "prepares" text NOT NULL)" with params "[]"
[13/Dec/2018 00:10:02 -0800] generic      DEBUG    execute "INSERT INTO "_south_new_oozie_java" ("files", "job_xml", "jar_path", "java_opts", "args", "job_properties", "prepares", "archives", "node_ptr_id", "main_class") SELECT "files", "job_xml", "jar_path", "java_opts", "args", "job_properties", "prepares", "archives", "node_ptr_id", "main_class" FROM "oozie_java";" with params "[]"
[13/Dec/2018 00:10:02 -0800] generic      DEBUG    execute "DROP TABLE "oozie_java";" with params "[]"
[13/Dec/2018 00:10:02 -0800] generic      DEBUG    execute "ALTER TABLE "_south_new_oozie_java" RENAME TO "oozie_java";" with params "[]"
[13/Dec/2018 00:10:02 -0800] generic      DEBUG    execute "CREATE TABLE "_south_new_oozie_java" ("files" text NOT NULL, "job_xml" varchar(512) NOT NULL, "node_ptr_id" integer PRIMARY KEY, "jar_path" varchar(512) NOT NULL, "java_opts" varchar(256) NOT NULL, "args" text NOT NULL, "job_properties" text NOT NULL, "prepares" text NOT NULL, "archives" text NOT NULL, "main_class" varchar(256) NOT NULL)" with params "[]"
[13/Dec/2018 00:10:02 -0800] generic      DEBUG    execute "INSERT INTO "_south_new_oozie_java" ("files", "job_xml", "node_ptr_id", "jar_path", "java_opts", "args", "job_properties", "main_class", "archives", "prepares") SELECT "files", "job_xml", "node_ptr_id", "jar_path", "java_opts", "args", "job_properties", "main_class", "archives", "prepares" FROM "oozie_java";" with params "[]"
[13/Dec/2018 00:10:02 -0800] generic      DEBUG    execute "DROP TABLE "oozie_java";" with params "[]"
[13/Dec/2018 00:10:02 -0800] generic      DEBUG    execute "ALTER TABLE "_south_new_oozie_java" RENAME TO "oozie_java";" with params "[]"
[13/Dec/2018 00:10:02 -0800] generic      DEBUG    execute "CREATE TABLE "_south_new_oozie_sqoop" ("files" text NOT NULL, "job_xml" varchar(512) NOT NULL, "node_ptr_id" integer PRIMARY KEY, "job_properties" text NOT NULL, "params" text NOT NULL, "archives" varchar(512) NOT NULL, "prepares" text NOT NULL, "script_path" varchar(256) NOT NULL)" with params "[]"
[13/Dec/2018 00:10:02 -0800] generic      DEBUG    execute "INSERT INTO "_south_new_oozie_sqoop" ("files", "job_xml", "job_properties", "params", "archives", "node_ptr_id", "prepares", "script_path") SELECT "files", "job_xml", "job_properties", "params", "archives", "node_ptr_id", "prepares", "script_path" FROM "oozie_sqoop";" with params "[]"
[13/Dec/2018 00:10:02 -0800] generic      DEBUG    execute "DROP TABLE "oozie_sqoop";" with params "[]"
[13/Dec/2018 00:10:02 -0800] generic      DEBUG    execute "ALTER TABLE "_south_new_oozie_sqoop" RENAME TO "oozie_sqoop";" with params "[]"
[13/Dec/2018 00:10:02 -0800] generic      DEBUG    execute "CREATE TABLE "_south_new_oozie_sqoop" ("files" text NOT NULL, "job_xml" varchar(512) NOT NULL, "node_ptr_id" integer PRIMARY KEY, "job_properties" text NOT NULL, "params" text NOT NULL, "archives" text NOT NULL, "prepares" text NOT NULL, "script_path" varchar(256) NOT NULL)" with params "[]"
[13/Dec/2018 00:10:02 -0800] generic      DEBUG    execute "INSERT INTO "_south_new_oozie_sqoop" ("files", "job_xml", "node_ptr_id", "job_properties", "params", "archives", "prepares", "script_path") SELECT "files", "job_xml", "node_ptr_id", "job_properties", "params", "archives", "prepares", "script_path" FROM "oozie_sqoop";" with params "[]"
[13/Dec/2018 00:10:02 -0800] generic      DEBUG    execute "DROP TABLE "oozie_sqoop";" with params "[]"
[13/Dec/2018 00:10:02 -0800] generic      DEBUG    execute "ALTER TABLE "_south_new_oozie_sqoop" RENAME TO "oozie_sqoop";" with params "[]"
[13/Dec/2018 00:10:02 -0800] generic      DEBUG    execute "CREATE TABLE "_south_new_oozie_pig" ("files" text NOT NULL, "job_xml" varchar(512) NOT NULL, "node_ptr_id" integer PRIMARY KEY, "job_properties" text NOT NULL, "params" text NOT NULL, "archives" varchar(512) NOT NULL, "prepares" text NOT NULL, "script_path" varchar(256) NOT NULL)" with params "[]"
[13/Dec/2018 00:10:02 -0800] generic      DEBUG    execute "INSERT INTO "_south_new_oozie_pig" ("files", "job_xml", "job_properties", "params", "archives", "node_ptr_id", "prepares", "script_path") SELECT "files", "job_xml", "job_properties", "params", "archives", "node_ptr_id", "prepares", "script_path" FROM "oozie_pig";" with params "[]"
[13/Dec/2018 00:10:02 -0800] generic      DEBUG    execute "DROP TABLE "oozie_pig";" with params "[]"
[13/Dec/2018 00:10:02 -0800] generic      DEBUG    execute "ALTER TABLE "_south_new_oozie_pig" RENAME TO "oozie_pig";" with params "[]"
[13/Dec/2018 00:10:02 -0800] generic      DEBUG    execute "CREATE TABLE "_south_new_oozie_pig" ("files" text NOT NULL, "job_xml" varchar(512) NOT NULL, "node_ptr_id" integer PRIMARY KEY, "job_properties" text NOT NULL, "params" text NOT NULL, "archives" text NOT NULL, "prepares" text NOT NULL, "script_path" varchar(256) NOT NULL)" with params "[]"
[13/Dec/2018 00:10:02 -0800] generic      DEBUG    execute "INSERT INTO "_south_new_oozie_pig" ("files", "job_xml", "node_ptr_id", "job_properties", "params", "archives", "prepares", "script_path") SELECT "files", "job_xml", "node_ptr_id", "job_properties", "params", "archives", "prepares", "script_path" FROM "oozie_pig";" with params "[]"
[13/Dec/2018 00:10:02 -0800] generic      DEBUG    execute "DROP TABLE "oozie_pig";" with params "[]"
[13/Dec/2018 00:10:02 -0800] generic      DEBUG    execute "ALTER TABLE "_south_new_oozie_pig" RENAME TO "oozie_pig";" with params "[]"
[13/Dec/2018 00:10:02 -0800] generic      DEBUG    execute "CREATE TABLE "_south_new_oozie_mapreduce" ("files" text NOT NULL, "job_xml" varchar(512) NOT NULL, "node_ptr_id" integer NOT NULL UNIQUE, "jar_path" varchar(512) NOT NULL, "job_properties" text NOT NULL, "archives" varchar(512) NOT NULL, "prepares" text NOT NULL)" with params "[]"
[13/Dec/2018 00:10:02 -0800] generic      DEBUG    execute "INSERT INTO "_south_new_oozie_mapreduce" ("files", "job_xml", "jar_path", "job_properties", "archives", "node_ptr_id", "prepares") SELECT "files", "job_xml", "jar_path", "job_properties", "archives", "node_ptr_id", "prepares" FROM "oozie_mapreduce";" with params "[]"
[13/Dec/2018 00:10:02 -0800] generic      DEBUG    execute "DROP TABLE "oozie_mapreduce";" with params "[]"
[13/Dec/2018 00:10:02 -0800] generic      DEBUG    execute "ALTER TABLE "_south_new_oozie_mapreduce" RENAME TO "oozie_mapreduce";" with params "[]"
[13/Dec/2018 00:10:02 -0800] generic      DEBUG    execute "CREATE TABLE "_south_new_oozie_mapreduce" ("files" text NOT NULL, "job_xml" varchar(512) NOT NULL, "node_ptr_id" integer NOT NULL UNIQUE, "jar_path" varchar(512) NOT NULL, "job_properties" text NOT NULL, "archives" text NOT NULL, "prepares" text NOT NULL)" with params "[]"
[13/Dec/2018 00:10:02 -0800] generic      DEBUG    execute "INSERT INTO "_south_new_oozie_mapreduce" ("files", "job_xml", "node_ptr_id", "jar_path", "job_properties", "archives", "prepares") SELECT "files", "job_xml", "node_ptr_id", "jar_path", "job_properties", "archives", "prepares" FROM "oozie_mapreduce";" with params "[]"
[13/Dec/2018 00:10:02 -0800] generic      DEBUG    execute "DROP TABLE "oozie_mapreduce";" with params "[]"
[13/Dec/2018 00:10:02 -0800] generic      DEBUG    execute "ALTER TABLE "_south_new_oozie_mapreduce" RENAME TO "oozie_mapreduce";" with params "[]"
[13/Dec/2018 00:10:02 -0800] generic      DEBUG    execute "CREATE TABLE "_south_new_oozie_streaming" ("files" text NOT NULL, "mapper" varchar(512) NOT NULL, "node_ptr_id" integer PRIMARY KEY, "reducer" varchar(512) NOT NULL, "job_properties" text NOT NULL, "archives" varchar(512) NOT NULL)" with params "[]"
[13/Dec/2018 00:10:02 -0800] generic      DEBUG    execute "INSERT INTO "_south_new_oozie_streaming" ("files", "mapper", "reducer", "job_properties", "archives", "node_ptr_id") SELECT "files", "mapper", "reducer", "job_properties", "archives", "node_ptr_id" FROM "oozie_streaming";" with params "[]"
[13/Dec/2018 00:10:02 -0800] generic      DEBUG    execute "DROP TABLE "oozie_streaming";" with params "[]"
[13/Dec/2018 00:10:02 -0800] generic      DEBUG    execute "ALTER TABLE "_south_new_oozie_streaming" RENAME TO "oozie_streaming";" with params "[]"
[13/Dec/2018 00:10:02 -0800] generic      DEBUG    execute "CREATE TABLE "_south_new_oozie_streaming" ("files" text NOT NULL, "mapper" varchar(512) NOT NULL, "node_ptr_id" integer PRIMARY KEY, "reducer" varchar(512) NOT NULL, "job_properties" text NOT NULL, "archives" text NOT NULL)" with params "[]"
[13/Dec/2018 00:10:02 -0800] generic      DEBUG    execute "INSERT INTO "_south_new_oozie_streaming" ("files", "mapper", "node_ptr_id", "reducer", "job_properties", "archives") SELECT "files", "mapper", "node_ptr_id", "reducer", "job_properties", "archives" FROM "oozie_streaming";" with params "[]"
[13/Dec/2018 00:10:02 -0800] generic      DEBUG    execute "DROP TABLE "oozie_streaming";" with params "[]"
[13/Dec/2018 00:10:02 -0800] generic      DEBUG    execute "ALTER TABLE "_south_new_oozie_streaming" RENAME TO "oozie_streaming";" with params "[]"
[13/Dec/2018 00:10:02 -0800] generic      DEBUG    execute "CREATE TABLE "_south_new_oozie_shell" ("files" text NOT NULL, "job_xml" varchar(512) NOT NULL, "node_ptr_id" integer PRIMARY KEY, "job_properties" text NOT NULL, "capture_output" bool NOT NULL, "params" text NOT NULL, "archives" varchar(512) NOT NULL, "prepares" text NOT NULL, "command" varchar(256) NOT NULL)" with params "[]"
[13/Dec/2018 00:10:02 -0800] generic      DEBUG    execute "INSERT INTO "_south_new_oozie_shell" ("files", "job_xml", "job_properties", "capture_output", "params", "archives", "node_ptr_id", "prepares", "command") SELECT "files", "job_xml", "job_properties", "capture_output", "params", "archives", "node_ptr_id", "prepares", "command" FROM "oozie_shell";" with params "[]"
[13/Dec/2018 00:10:02 -0800] generic      DEBUG    execute "DROP TABLE "oozie_shell";" with params "[]"
[13/Dec/2018 00:10:02 -0800] generic      DEBUG    execute "ALTER TABLE "_south_new_oozie_shell" RENAME TO "oozie_shell";" with params "[]"
[13/Dec/2018 00:10:02 -0800] generic      DEBUG    execute "CREATE TABLE "_south_new_oozie_shell" ("files" text NOT NULL, "job_xml" varchar(512) NOT NULL, "node_ptr_id" integer PRIMARY KEY, "job_properties" text NOT NULL, "capture_output" bool NOT NULL, "params" text NOT NULL, "archives" text NOT NULL, "prepares" text NOT NULL, "command" varchar(256) NOT NULL)" with params "[]"
[13/Dec/2018 00:10:02 -0800] generic      DEBUG    execute "INSERT INTO "_south_new_oozie_shell" ("files", "job_xml", "node_ptr_id", "job_properties", "capture_output", "params", "archives", "prepares", "command") SELECT "files", "job_xml", "node_ptr_id", "job_properties", "capture_output", "params", "archives", "prepares", "command" FROM "oozie_shell";" with params "[]"
[13/Dec/2018 00:10:02 -0800] generic      DEBUG    execute "DROP TABLE "oozie_shell";" with params "[]"
[13/Dec/2018 00:10:02 -0800] generic      DEBUG    execute "ALTER TABLE "_south_new_oozie_shell" RENAME TO "oozie_shell";" with params "[]"
[13/Dec/2018 00:10:02 -0800] generic      DEBUG    execute "CREATE TABLE "_south_new_oozie_hive" ("files" text NOT NULL, "job_xml" varchar(512) NOT NULL, "node_ptr_id" integer PRIMARY KEY, "job_properties" text NOT NULL, "params" text NOT NULL, "archives" varchar(512) NOT NULL, "prepares" text NOT NULL, "script_path" varchar(256) NOT NULL)" with params "[]"
[13/Dec/2018 00:10:02 -0800] generic      DEBUG    execute "INSERT INTO "_south_new_oozie_hive" ("files", "job_xml", "job_properties", "params", "archives", "node_ptr_id", "prepares", "script_path") SELECT "files", "job_xml", "job_properties", "params", "archives", "node_ptr_id", "prepares", "script_path" FROM "oozie_hive";" with params "[]"
[13/Dec/2018 00:10:02 -0800] generic      DEBUG    execute "DROP TABLE "oozie_hive";" with params "[]"
[13/Dec/2018 00:10:02 -0800] generic      DEBUG    execute "ALTER TABLE "_south_new_oozie_hive" RENAME TO "oozie_hive";" with params "[]"
[13/Dec/2018 00:10:02 -0800] generic      DEBUG    execute "CREATE TABLE "_south_new_oozie_hive" ("files" text NOT NULL, "job_xml" varchar(512) NOT NULL, "node_ptr_id" integer PRIMARY KEY, "job_properties" text NOT NULL, "params" text NOT NULL, "archives" text NOT NULL, "prepares" text NOT NULL, "script_path" varchar(256) NOT NULL)" with params "[]"
[13/Dec/2018 00:10:02 -0800] generic      DEBUG    execute "INSERT INTO "_south_new_oozie_hive" ("files", "job_xml", "node_ptr_id", "job_properties", "params", "archives", "prepares", "script_path") SELECT "files", "job_xml", "node_ptr_id", "job_properties", "params", "archives", "prepares", "script_path" FROM "oozie_hive";" with params "[]"
[13/Dec/2018 00:10:02 -0800] generic      DEBUG    execute "DROP TABLE "oozie_hive";" with params "[]"
[13/Dec/2018 00:10:02 -0800] generic      DEBUG    execute "ALTER TABLE "_south_new_oozie_hive" RENAME TO "oozie_hive";" with params "[]"
[13/Dec/2018 00:10:02 -0800] generic      DEBUG    execute "CREATE TABLE "_south_new_oozie_sqoop" ("files" text NOT NULL, "job_xml" varchar(512) NOT NULL, "node_ptr_id" integer PRIMARY KEY, "job_properties" text NOT NULL, "params" text NOT NULL, "archives" text NOT NULL, "prepares" text NOT NULL, "script_path" text NOT NULL)" with params "[]"
[13/Dec/2018 00:10:02 -0800] generic      DEBUG    execute "INSERT INTO "_south_new_oozie_sqoop" ("files", "job_xml", "node_ptr_id", "job_properties", "params", "archives", "prepares", "script_path") SELECT "files", "job_xml", "node_ptr_id", "job_properties", "params", "archives", "prepares", "script_path" FROM "oozie_sqoop";" with params "[]"
[13/Dec/2018 00:10:02 -0800] generic      DEBUG    execute "DROP TABLE "oozie_sqoop";" with params "[]"
[13/Dec/2018 00:10:02 -0800] generic      DEBUG    execute "ALTER TABLE "_south_new_oozie_sqoop" RENAME TO "oozie_sqoop";" with params "[]"
[13/Dec/2018 00:10:02 -0800] generic      DEBUG    execute "CREATE TABLE "oozie_distcp" ("prepares" text NOT NULL, "job_xml" varchar(512) NOT NULL, "params" text NOT NULL, "job_properties" text NOT NULL, "node_ptr_id" integer NOT NULL PRIMARY KEY)" with params "[]"
[13/Dec/2018 00:10:02 -0800] generic      DEBUG    execute "CREATE TABLE "oozie_decision" ("node_ptr_id" integer NOT NULL PRIMARY KEY)" with params "[]"
[13/Dec/2018 00:10:02 -0800] generic      DEBUG    execute "CREATE TABLE "oozie_fs" ("mkdirs" text NOT NULL, "touchzs" text NOT NULL, "chmods" text NOT NULL, "node_ptr_id" integer NOT NULL PRIMARY KEY, "moves" text NOT NULL, "deletes" text NOT NULL)" with params "[]"
[13/Dec/2018 00:10:02 -0800] generic      DEBUG    execute "CREATE TABLE "oozie_email" ("cc" text NOT NULL, "to" text NOT NULL, "subject" text NOT NULL, "body" text NOT NULL, "node_ptr_id" integer NOT NULL PRIMARY KEY)" with params "[]"
[13/Dec/2018 00:10:02 -0800] generic      DEBUG    execute "CREATE TABLE "oozie_subworkflow" ("propagate_configuration" bool NOT NULL, "job_properties" text NOT NULL, "sub_workflow_id" integer NOT NULL, "node_ptr_id" integer NOT NULL PRIMARY KEY)" with params "[]"
[13/Dec/2018 00:10:02 -0800] generic      DEBUG    execute "CREATE TABLE "_south_new_oozie_email" ("cc" text NOT NULL, "to" text NOT NULL, "node_ptr_id" integer PRIMARY KEY, "body" text NOT NULL, "subject" text NOT NULL)" with params "[]"
[13/Dec/2018 00:10:02 -0800] generic      DEBUG    execute "INSERT INTO "_south_new_oozie_email" ("cc", "to", "subject", "body", "node_ptr_id") SELECT "cc", "to", "subject", "body", "node_ptr_id" FROM "oozie_email";" with params "[]"
[13/Dec/2018 00:10:02 -0800] generic      DEBUG    execute "DROP TABLE "oozie_email";" with params "[]"
[13/Dec/2018 00:10:02 -0800] generic      DEBUG    execute "ALTER TABLE "_south_new_oozie_email" RENAME TO "oozie_email";" with params "[]"
[13/Dec/2018 00:10:02 -0800] generic      DEBUG    execute "CREATE TABLE "_south_new_oozie_email" ("cc" text NOT NULL, "to" text NOT NULL, "node_ptr_id" integer PRIMARY KEY, "body" text NOT NULL, "subject" text NOT NULL)" with params "[]"
[13/Dec/2018 00:10:02 -0800] generic      DEBUG    execute "INSERT INTO "_south_new_oozie_email" ("cc", "to", "node_ptr_id", "body", "subject") SELECT "cc", "to", "node_ptr_id", "body", "subject" FROM "oozie_email";" with params "[]"
[13/Dec/2018 00:10:02 -0800] generic      DEBUG    execute "DROP TABLE "oozie_email";" with params "[]"
[13/Dec/2018 00:10:02 -0800] generic      DEBUG    execute "ALTER TABLE "_south_new_oozie_email" RENAME TO "oozie_email";" with params "[]"
[13/Dec/2018 00:10:02 -0800] generic      DEBUG    execute "CREATE TABLE "oozie_generic" ("xml" text NOT NULL, "node_ptr_id" integer NOT NULL PRIMARY KEY)" with params "[]"
[13/Dec/2018 00:10:02 -0800] generic      DEBUG    execute "CREATE TABLE "oozie_decisionend" ("node_ptr_id" integer NOT NULL PRIMARY KEY)" with params "[]"
[13/Dec/2018 00:10:02 -0800] generic      DEBUG    execute "CREATE TABLE "_south_new_oozie_dataset" ("coordinator_id" integer NOT NULL, "description" varchar(1024) NOT NULL, "frequency_number" smallint NOT NULL, "advanced_start_instance" varchar(128) NOT NULL, "uri" varchar(1024) NOT NULL, "frequency_unit" varchar(20) NOT NULL, "start" datetime NOT NULL, "timezone" varchar(24) NOT NULL, "done_flag" varchar(64) NOT NULL, "id" integer PRIMARY KEY, "name" varchar(40) NOT NULL)" with params "[]"
[13/Dec/2018 00:10:02 -0800] generic      DEBUG    execute "INSERT INTO "_south_new_oozie_dataset" ("description", "frequency_number", "coordinator_id", "frequency_unit", "uri", "start", "timezone", "done_flag", "id", "name", "advanced_start_instance") SELECT "description", "frequency_number", "coordinator_id", "frequency_unit", "uri", "start", "timezone", "done_flag", "id", "name", '0' as "advanced_start_instance" FROM "oozie_dataset";" with params "[]"
[13/Dec/2018 00:10:02 -0800] generic      DEBUG    execute "DROP TABLE "oozie_dataset";" with params "[]"
[13/Dec/2018 00:10:02 -0800] generic      DEBUG    execute "ALTER TABLE "_south_new_oozie_dataset" RENAME TO "oozie_dataset";" with params "[]"
[13/Dec/2018 00:10:02 -0800] generic      DEBUG    execute "CREATE INDEX "oozie_dataset_a376e044" ON "oozie_dataset"("coordinator_id");" with params "[]"
[13/Dec/2018 00:10:02 -0800] generic      DEBUG    execute "CREATE TABLE "_south_new_oozie_dataset" ("coordinator_id" integer NOT NULL, "description" varchar(1024) NOT NULL, "frequency_number" smallint NOT NULL, "done_flag" varchar(64) NOT NULL, "frequency_unit" varchar(20) NOT NULL, "uri" varchar(1024) NOT NULL, "start" datetime NOT NULL, "instance_choice" varchar(10) NOT NULL, "timezone" varchar(24) NOT NULL, "advanced_start_instance" varchar(128) NOT NULL, "id" integer PRIMARY KEY, "name" varchar(40) NOT NULL)" with params "[]"
[13/Dec/2018 00:10:02 -0800] generic      DEBUG    execute "INSERT INTO "_south_new_oozie_dataset" ("coordinator_id", "description", "frequency_number", "advanced_start_instance", "uri", "frequency_unit", "start", "timezone", "done_flag", "id", "name", "instance_choice") SELECT "coordinator_id", "description", "frequency_number", "advanced_start_instance", "uri", "frequency_unit", "start", "timezone", "done_flag", "id", "name", 'default' as "instance_choice" FROM "oozie_dataset";" with params "[]"
[13/Dec/2018 00:10:02 -0800] generic      DEBUG    execute "DROP TABLE "oozie_dataset";" with params "[]"
[13/Dec/2018 00:10:02 -0800] generic      DEBUG    execute "ALTER TABLE "_south_new_oozie_dataset" RENAME TO "oozie_dataset";" with params "[]"
[13/Dec/2018 00:10:02 -0800] generic      DEBUG    execute "CREATE INDEX "oozie_dataset_a376e044" ON "oozie_dataset"("coordinator_id");" with params "[]"
[13/Dec/2018 00:10:02 -0800] generic      DEBUG    execute "CREATE TABLE "_south_new_oozie_dataset" ("coordinator_id" integer NOT NULL, "description" varchar(1024) NOT NULL, "frequency_number" smallint NOT NULL, "advanced_start_instance" varchar(128) NOT NULL, "uri" varchar(1024) NOT NULL, "frequency_unit" varchar(20) NOT NULL, "start" datetime NOT NULL, "instance_choice" varchar(10) NOT NULL, "timezone" varchar(24) NOT NULL, "advanced_end_instance" varchar(128) NOT NULL, "done_flag" varchar(64) NOT NULL, "id" integer PRIMARY KEY, "name" varchar(40) NOT NULL)" with params "[]"
[13/Dec/2018 00:10:02 -0800] generic      DEBUG    execute "INSERT INTO "_south_new_oozie_dataset" ("coordinator_id", "description", "frequency_number", "done_flag", "frequency_unit", "uri", "start", "instance_choice", "timezone", "advanced_start_instance", "id", "name", "advanced_end_instance") SELECT "coordinator_id", "description", "frequency_number", "done_flag", "frequency_unit", "uri", "start", "instance_choice", "timezone", "advanced_start_instance", "id", "name", '0' as "advanced_end_instance" FROM "oozie_dataset";" with params "[]"
[13/Dec/2018 00:10:02 -0800] generic      DEBUG    execute "DROP TABLE "oozie_dataset";" with params "[]"
[13/Dec/2018 00:10:02 -0800] generic      DEBUG    execute "ALTER TABLE "_south_new_oozie_dataset" RENAME TO "oozie_dataset";" with params "[]"
[13/Dec/2018 00:10:02 -0800] generic      DEBUG    execute "CREATE INDEX "oozie_dataset_a376e044" ON "oozie_dataset"("coordinator_id");" with params "[]"
[13/Dec/2018 00:10:02 -0800] 0016_auto__add_field_coordinator_job_properties WARNING  no such column: job_properties
[13/Dec/2018 00:10:02 -0800] generic      DEBUG    execute "CREATE TABLE "_south_new_oozie_coordinator" ("end" datetime NOT NULL, "timeout" smallint, "frequency_number" smallint NOT NULL, "frequency_unit" varchar(20) NOT NULL, "job_properties" text NOT NULL, "job_ptr_id" integer PRIMARY KEY, "start" datetime NOT NULL, "workflow_id" integer, "concurrency" smallint unsigned, "timezone" varchar(24) NOT NULL, "throttle" smallint unsigned, "execution" varchar(10))" with params "[]"
[13/Dec/2018 00:10:02 -0800] generic      DEBUG    execute "INSERT INTO "_south_new_oozie_coordinator" ("end", "concurrency", "frequency_number", "workflow_id", "job_ptr_id", "frequency_unit", "start", "timeout", "timezone", "throttle", "execution", "job_properties") SELECT "end", "concurrency", "frequency_number", "workflow_id", "job_ptr_id", "frequency_unit", "start", "timeout", "timezone", "throttle", "execution", '[]' as "job_properties" FROM "oozie_coordinator";" with params "[]"
[13/Dec/2018 00:10:02 -0800] generic      DEBUG    execute "DROP TABLE "oozie_coordinator";" with params "[]"
[13/Dec/2018 00:10:02 -0800] generic      DEBUG    execute "ALTER TABLE "_south_new_oozie_coordinator" RENAME TO "oozie_coordinator";" with params "[]"
[13/Dec/2018 00:10:02 -0800] generic      DEBUG    execute "CREATE INDEX "oozie_coordinator_17b2fdb1" ON "oozie_coordinator"("workflow_id");" with params "[]"
[13/Dec/2018 00:10:02 -0800] generic      DEBUG    execute "CREATE TABLE "oozie_bundledcoordinator" ("coordinator_id" integer NOT NULL, "parameters" text NOT NULL, "id" integer NOT NULL PRIMARY KEY, "bundle_id" integer NOT NULL)" with params "[]"
[13/Dec/2018 00:10:02 -0800] generic      DEBUG    execute "CREATE TABLE "oozie_bundle" ("kick_off_time" datetime NOT NULL, "job_ptr_id" integer NOT NULL PRIMARY KEY)" with params "[]"
[13/Dec/2018 00:10:02 -0800] generic      DEBUG    execute "CREATE INDEX "oozie_bundledcoordinator_a376e044" ON "oozie_bundledcoordinator" ("coordinator_id");" with params "[]"
[13/Dec/2018 00:10:02 -0800] generic      DEBUG    execute "CREATE INDEX "oozie_bundledcoordinator_2243b87b" ON "oozie_bundledcoordinator" ("bundle_id");" with params "[]"
[13/Dec/2018 00:10:02 -0800] generic      DEBUG    execute "CREATE TABLE "_south_new_oozie_workflow" ("job_xml" varchar(512) NOT NULL, "managed" bool NOT NULL, "end_id" integer, "is_single" bool NOT NULL, "start_id" integer, "job_properties" text NOT NULL, "job_ptr_id" integer PRIMARY KEY)" with params "[]"
[13/Dec/2018 00:10:02 -0800] generic      DEBUG    execute "INSERT INTO "_south_new_oozie_workflow" ("job_xml", "end_id", "is_single", "job_ptr_id", "job_properties", "start_id", "managed") SELECT "job_xml", "end_id", "is_single", "job_ptr_id", "job_properties", "start_id", 'True' as "managed" FROM "oozie_workflow";" with params "[]"
[13/Dec/2018 00:10:02 -0800] generic      DEBUG    execute "DROP TABLE "oozie_workflow";" with params "[]"
[13/Dec/2018 00:10:02 -0800] generic      DEBUG    execute "ALTER TABLE "_south_new_oozie_workflow" RENAME TO "oozie_workflow";" with params "[]"
[13/Dec/2018 00:10:02 -0800] generic      DEBUG    execute "CREATE INDEX "oozie_workflow_6f89268d" ON "oozie_workflow"("start_id");" with params "[]"
[13/Dec/2018 00:10:02 -0800] generic      DEBUG    execute "CREATE INDEX "oozie_workflow_536e023f" ON "oozie_workflow"("end_id");" with params "[]"
[13/Dec/2018 00:10:03 -0800] generic      DEBUG    execute "CREATE TABLE "_south_new_oozie_java" ("files" text NOT NULL, "job_xml" varchar(512) NOT NULL, "node_ptr_id" integer PRIMARY KEY, "jar_path" varchar(512) NOT NULL, "java_opts" varchar(256) NOT NULL, "args" text NOT NULL, "job_properties" text NOT NULL, "capture_output" bool NOT NULL, "main_class" varchar(256) NOT NULL, "archives" text NOT NULL, "prepares" text NOT NULL)" with params "[]"
[13/Dec/2018 00:10:03 -0800] generic      DEBUG    execute "INSERT INTO "_south_new_oozie_java" ("files", "job_xml", "node_ptr_id", "jar_path", "java_opts", "args", "job_properties", "prepares", "archives", "main_class", "capture_output") SELECT "files", "job_xml", "node_ptr_id", "jar_path", "java_opts", "args", "job_properties", "prepares", "archives", "main_class", 'False' as "capture_output" FROM "oozie_java";" with params "[]"
[13/Dec/2018 00:10:03 -0800] generic      DEBUG    execute "DROP TABLE "oozie_java";" with params "[]"
[13/Dec/2018 00:10:03 -0800] generic      DEBUG    execute "ALTER TABLE "_south_new_oozie_java" RENAME TO "oozie_java";" with params "[]"
[13/Dec/2018 00:10:03 -0800] generic      DEBUG    execute "CREATE TABLE "_south_new_oozie_java" ("files" text NOT NULL, "job_xml" varchar(512) NOT NULL, "node_ptr_id" integer PRIMARY KEY, "jar_path" varchar(512) NOT NULL, "java_opts" varchar(256) NOT NULL, "args" text NOT NULL, "job_properties" text NOT NULL, "capture_output" bool NOT NULL, "prepares" text NOT NULL, "archives" text NOT NULL, "main_class" varchar(256) NOT NULL)" with params "[]"
[13/Dec/2018 00:10:03 -0800] generic      DEBUG    execute "INSERT INTO "_south_new_oozie_java" ("files", "job_xml", "node_ptr_id", "jar_path", "java_opts", "args", "job_properties", "capture_output", "main_class", "archives", "prepares") SELECT "files", "job_xml", "node_ptr_id", "jar_path", "java_opts", "args", "job_properties", "capture_output", "main_class", "archives", "prepares" FROM "oozie_java";" with params "[]"
[13/Dec/2018 00:10:03 -0800] generic      DEBUG    execute "DROP TABLE "oozie_java";" with params "[]"
[13/Dec/2018 00:10:03 -0800] generic      DEBUG    execute "ALTER TABLE "_south_new_oozie_java" RENAME TO "oozie_java";" with params "[]"
[13/Dec/2018 00:10:03 -0800] generic      DEBUG    execute "CREATE TABLE "_south_new_oozie_java" ("files" text NOT NULL, "job_xml" varchar(512) NOT NULL, "node_ptr_id" integer PRIMARY KEY, "jar_path" varchar(512) NOT NULL, "java_opts" varchar(256) NOT NULL, "args" text NOT NULL, "job_properties" text NOT NULL, "capture_output" bool NOT NULL, "main_class" varchar(256) NOT NULL, "archives" text NOT NULL, "prepares" text NOT NULL)" with params "[]"
[13/Dec/2018 00:10:03 -0800] generic      DEBUG    execute "INSERT INTO "_south_new_oozie_java" ("files", "job_xml", "node_ptr_id", "jar_path", "java_opts", "args", "job_properties", "capture_output", "prepares", "archives", "main_class") SELECT "files", "job_xml", "node_ptr_id", "jar_path", "java_opts", "args", "job_properties", "capture_output", "prepares", "archives", "main_class" FROM "oozie_java";" with params "[]"
[13/Dec/2018 00:10:03 -0800] generic      DEBUG    execute "DROP TABLE "oozie_java";" with params "[]"
[13/Dec/2018 00:10:03 -0800] generic      DEBUG    execute "ALTER TABLE "_south_new_oozie_java" RENAME TO "oozie_java";" with params "[]"
[13/Dec/2018 00:10:03 -0800] generic      DEBUG    execute "CREATE TABLE "_south_new_oozie_job" ("is_shared" bool NOT NULL, "parameters" text NOT NULL, "deployment_dir" varchar(1024) NOT NULL, "schema_version" varchar(128) NOT NULL, "name" varchar(40) NOT NULL, "last_modified" datetime NOT NULL, "owner_id" integer NOT NULL, "id" integer PRIMARY KEY, "is_trashed" bool NOT NULL, "description" varchar(1024) NOT NULL)" with params "[]"
[13/Dec/2018 00:10:03 -0800] generic      DEBUG    execute "INSERT INTO "_south_new_oozie_job" ("is_shared", "description", "parameters", "deployment_dir", "schema_version", "last_modified", "owner_id", "id", "name", "is_trashed") SELECT "is_shared", "description", "parameters", "deployment_dir", "schema_version", "last_modified", "owner_id", "id", "name", 'False' as "is_trashed" FROM "oozie_job";" with params "[]"
[13/Dec/2018 00:10:03 -0800] generic      DEBUG    execute "DROP TABLE "oozie_job";" with params "[]"
[13/Dec/2018 00:10:03 -0800] generic      DEBUG    execute "ALTER TABLE "_south_new_oozie_job" RENAME TO "oozie_job";" with params "[]"
[13/Dec/2018 00:10:03 -0800] generic      DEBUG    execute "CREATE INDEX "oozie_job_cb902d83" ON "oozie_job"("owner_id");" with params "[]"
[13/Dec/2018 00:10:03 -0800] generic      DEBUG    execute "CREATE INDEX "oozie_job_5ccb38e5" ON "oozie_job"("last_modified");" with params "[]"
[13/Dec/2018 00:10:03 -0800] generic      DEBUG    execute "CREATE INDEX "oozie_job_b91b90da" ON "oozie_job"("is_shared");" with params "[]"
[13/Dec/2018 00:10:03 -0800] generic      DEBUG    execute "CREATE TABLE "_south_new_oozie_mapreduce" ("files" text NOT NULL, "job_xml" varchar(512) NOT NULL, "node_ptr_id" integer NOT NULL  UNIQUE, "jar_path" varchar(512) NOT NULL, "job_properties" text NOT NULL, "archives" text NOT NULL, "prepares" text NOT NULL)" with params "[]"
[13/Dec/2018 00:10:03 -0800] generic      DEBUG    execute "INSERT INTO "_south_new_oozie_mapreduce" ("files", "job_xml", "node_ptr_id", "jar_path", "job_properties", "archives", "prepares") SELECT "files", "job_xml", "node_ptr_id", "jar_path", "job_properties", "archives", "prepares" FROM "oozie_mapreduce";" with params "[]"
[13/Dec/2018 00:10:03 -0800] generic      DEBUG    execute "DROP TABLE "oozie_mapreduce";" with params "[]"
[13/Dec/2018 00:10:03 -0800] generic      DEBUG    execute "ALTER TABLE "_south_new_oozie_mapreduce" RENAME TO "oozie_mapreduce";" with params "[]"
[13/Dec/2018 00:10:03 -0800] generic      DEBUG    execute "CREATE TABLE "_south_new_oozie_start" ("node_ptr_id" integer NOT NULL  UNIQUE)" with params "[]"
[13/Dec/2018 00:10:03 -0800] generic      DEBUG    execute "INSERT INTO "_south_new_oozie_start" ("node_ptr_id") SELECT "node_ptr_id" FROM "oozie_start";" with params "[]"
[13/Dec/2018 00:10:03 -0800] generic      DEBUG    execute "DROP TABLE "oozie_start";" with params "[]"
[13/Dec/2018 00:10:03 -0800] generic      DEBUG    execute "ALTER TABLE "_south_new_oozie_start" RENAME TO "oozie_start";" with params "[]"
[13/Dec/2018 00:10:03 -0800] generic      DEBUG    execute "CREATE TABLE "_south_new_oozie_node" ("name" varchar(40) NOT NULL, "node_type" varchar(64) NOT NULL, "workflow_id" integer NOT NULL, "data" text NOT NULL, "id" integer PRIMARY KEY, "description" varchar(1024) NOT NULL)" with params "[]"
[13/Dec/2018 00:10:03 -0800] generic      DEBUG    execute "INSERT INTO "_south_new_oozie_node" ("description", "workflow_id", "id", "node_type", "name", "data") SELECT "description", "workflow_id", "id", "node_type", "name", '{}' as "data" FROM "oozie_node";" with params "[]"
[13/Dec/2018 00:10:03 -0800] generic      DEBUG    execute "DROP TABLE "oozie_node";" with params "[]"
[13/Dec/2018 00:10:03 -0800] generic      DEBUG    execute "ALTER TABLE "_south_new_oozie_node" RENAME TO "oozie_node";" with params "[]"
[13/Dec/2018 00:10:03 -0800] generic      DEBUG    execute "CREATE INDEX "oozie_node_17b2fdb1" ON "oozie_node"("workflow_id");" with params "[]"
[13/Dec/2018 00:10:03 -0800] generic      DEBUG    execute "CREATE TABLE "_south_new_oozie_job" ("name" varchar(40) NOT NULL, "parameters" text NOT NULL, "description" varchar(1024) NOT NULL, "deployment_dir" varchar(1024) NOT NULL, "schema_version" varchar(128) NOT NULL, "last_modified" datetime NOT NULL, "owner_id" integer NOT NULL, "data" text NOT NULL, "id" integer PRIMARY KEY, "is_trashed" bool NOT NULL, "is_shared" bool NOT NULL)" with params "[]"
[13/Dec/2018 00:10:03 -0800] generic      DEBUG    execute "INSERT INTO "_south_new_oozie_job" ("is_shared", "parameters", "deployment_dir", "schema_version", "name", "last_modified", "owner_id", "id", "is_trashed", "description", "data") SELECT "is_shared", "parameters", "deployment_dir", "schema_version", "name", "last_modified", "owner_id", "id", "is_trashed", "description", '{}' as "data" FROM "oozie_job";" with params "[]"
[13/Dec/2018 00:10:03 -0800] generic      DEBUG    execute "DROP TABLE "oozie_job";" with params "[]"
[13/Dec/2018 00:10:03 -0800] generic      DEBUG    execute "ALTER TABLE "_south_new_oozie_job" RENAME TO "oozie_job";" with params "[]"
[13/Dec/2018 00:10:03 -0800] generic      DEBUG    execute "CREATE INDEX "oozie_job_b91b90da" ON "oozie_job"("is_shared");" with params "[]"
[13/Dec/2018 00:10:03 -0800] generic      DEBUG    execute "CREATE INDEX "oozie_job_5ccb38e5" ON "oozie_job"("last_modified");" with params "[]"
[13/Dec/2018 00:10:03 -0800] generic      DEBUG    execute "CREATE INDEX "oozie_job_cb902d83" ON "oozie_job"("owner_id");" with params "[]"
[13/Dec/2018 00:10:03 -0800] generic      DEBUG    execute "CREATE TABLE "_south_new_oozie_subworkflow" ("propagate_configuration" bool NOT NULL, "node_ptr_id" integer PRIMARY KEY, "job_properties" text NOT NULL, "sub_workflow_id" integer NULL)" with params "[]"
[13/Dec/2018 00:10:03 -0800] generic      DEBUG    execute "INSERT INTO "_south_new_oozie_subworkflow" ("propagate_configuration", "job_properties", "sub_workflow_id", "node_ptr_id") SELECT "propagate_configuration", "job_properties", "sub_workflow_id", "node_ptr_id" FROM "oozie_subworkflow";" with params "[]"
[13/Dec/2018 00:10:03 -0800] generic      DEBUG    execute "DROP TABLE "oozie_subworkflow";" with params "[]"
[13/Dec/2018 00:10:03 -0800] generic      DEBUG    execute "ALTER TABLE "_south_new_oozie_subworkflow" RENAME TO "oozie_subworkflow";" with params "[]"
[13/Dec/2018 00:10:03 -0800] generic      DEBUG    execute "CREATE TABLE "beeswax_metainstall" ("installed_example" bool NOT NULL, "id" integer NOT NULL PRIMARY KEY)" with params "[]"
[13/Dec/2018 00:10:03 -0800] generic      DEBUG    execute "CREATE TABLE "beeswax_queryhistory" ("submission_date" datetime NOT NULL, "last_state" integer NOT NULL, "server_id" varchar(1024) NULL, "log_context" varchar(1024) NULL, "design_id" integer NULL, "owner_id" integer NOT NULL, "query" varchar(1024) NOT NULL, "has_results" bool NOT NULL, "id" integer NOT NULL PRIMARY KEY)" with params "[]"
[13/Dec/2018 00:10:03 -0800] generic      DEBUG    execute "CREATE TABLE "beeswax_savedquery" ("name" varchar(64) NOT NULL, "type" integer NOT NULL, "is_auto" bool NOT NULL, "mtime" datetime NOT NULL, "owner_id" integer NOT NULL, "data" text NOT NULL, "id" integer NOT NULL PRIMARY KEY, "desc" text NOT NULL)" with params "[]"
[13/Dec/2018 00:10:03 -0800] generic      DEBUG    execute "CREATE INDEX "beeswax_queryhistory_bfe02e93" ON "beeswax_queryhistory" ("last_state");" with params "[]"
[13/Dec/2018 00:10:03 -0800] generic      DEBUG    execute "CREATE INDEX "beeswax_queryhistory_38ebade8" ON "beeswax_queryhistory" ("design_id");" with params "[]"
[13/Dec/2018 00:10:03 -0800] generic      DEBUG    execute "CREATE INDEX "beeswax_queryhistory_cb902d83" ON "beeswax_queryhistory" ("owner_id");" with params "[]"
[13/Dec/2018 00:10:03 -0800] generic      DEBUG    execute "CREATE INDEX "beeswax_savedquery_db558b3c" ON "beeswax_savedquery" ("is_auto");" with params "[]"
[13/Dec/2018 00:10:03 -0800] generic      DEBUG    execute "CREATE INDEX "beeswax_savedquery_cb902d83" ON "beeswax_savedquery" ("owner_id");" with params "[]"
[13/Dec/2018 00:10:03 -0800] generic      DEBUG    execute "CREATE TABLE "_south_new_beeswax_queryhistory" ("submission_date" datetime NOT NULL, "last_state" integer NOT NULL, "server_id" varchar(1024), "log_context" varchar(1024), "notify" bool NOT NULL, "query" varchar(1024) NOT NULL, "design_id" integer, "has_results" bool NOT NULL, "id" integer PRIMARY KEY, "owner_id" integer NOT NULL)" with params "[]"
[13/Dec/2018 00:10:03 -0800] generic      DEBUG    execute "INSERT INTO "_south_new_beeswax_queryhistory" ("submission_date", "last_state", "server_id", "log_context", "design_id", "owner_id", "query", "has_results", "id", "notify") SELECT "submission_date", "last_state", "server_id", "log_context", "design_id", "owner_id", "query", "has_results", "id", 'False' as "notify" FROM "beeswax_queryhistory";" with params "[]"
[13/Dec/2018 00:10:03 -0800] generic      DEBUG    execute "DROP TABLE "beeswax_queryhistory";" with params "[]"
[13/Dec/2018 00:10:03 -0800] generic      DEBUG    execute "ALTER TABLE "_south_new_beeswax_queryhistory" RENAME TO "beeswax_queryhistory";" with params "[]"
[13/Dec/2018 00:10:03 -0800] generic      DEBUG    execute "CREATE INDEX "beeswax_queryhistory_cb902d83" ON "beeswax_queryhistory"("owner_id");" with params "[]"
[13/Dec/2018 00:10:03 -0800] generic      DEBUG    execute "CREATE INDEX "beeswax_queryhistory_38ebade8" ON "beeswax_queryhistory"("design_id");" with params "[]"
[13/Dec/2018 00:10:03 -0800] generic      DEBUG    execute "CREATE INDEX "beeswax_queryhistory_bfe02e93" ON "beeswax_queryhistory"("last_state");" with params "[]"
[13/Dec/2018 00:10:03 -0800] generic      DEBUG    execute "CREATE TABLE "_south_new_beeswax_queryhistory" ("submission_date" datetime NOT NULL, "last_state" integer NOT NULL, "server_id" varchar(1024), "server_name" varchar(128) NOT NULL, "log_context" varchar(1024), "notify" bool NOT NULL, "query" varchar(1024) NOT NULL, "design_id" integer, "has_results" bool NOT NULL, "id" integer PRIMARY KEY, "owner_id" integer NOT NULL)" with params "[]"
[13/Dec/2018 00:10:03 -0800] generic      DEBUG    execute "INSERT INTO "_south_new_beeswax_queryhistory" ("submission_date", "last_state", "server_id", "log_context", "notify", "query", "design_id", "has_results", "id", "owner_id", "server_name") SELECT "submission_date", "last_state", "server_id", "log_context", "notify", "query", "design_id", "has_results", "id", "owner_id", '' as "server_name" FROM "beeswax_queryhistory";" with params "[]"
[13/Dec/2018 00:10:03 -0800] generic      DEBUG    execute "DROP TABLE "beeswax_queryhistory";" with params "[]"
[13/Dec/2018 00:10:03 -0800] generic      DEBUG    execute "ALTER TABLE "_south_new_beeswax_queryhistory" RENAME TO "beeswax_queryhistory";" with params "[]"
[13/Dec/2018 00:10:03 -0800] generic      DEBUG    execute "CREATE INDEX "beeswax_queryhistory_bfe02e93" ON "beeswax_queryhistory"("last_state");" with params "[]"
[13/Dec/2018 00:10:03 -0800] generic      DEBUG    execute "CREATE INDEX "beeswax_queryhistory_38ebade8" ON "beeswax_queryhistory"("design_id");" with params "[]"
[13/Dec/2018 00:10:03 -0800] generic      DEBUG    execute "CREATE INDEX "beeswax_queryhistory_cb902d83" ON "beeswax_queryhistory"("owner_id");" with params "[]"
[13/Dec/2018 00:10:03 -0800] generic      DEBUG    execute "CREATE TABLE "_south_new_beeswax_queryhistory" ("submission_date" datetime NOT NULL, "last_state" integer NOT NULL, "server_id" varchar(1024), "server_name" varchar(128) NOT NULL, "log_context" varchar(1024), "server_host" varchar(128) NOT NULL, "notify" bool NOT NULL, "query" varchar(1024) NOT NULL, "design_id" integer, "has_results" bool NOT NULL, "id" integer PRIMARY KEY, "owner_id" integer NOT NULL)" with params "[]"
[13/Dec/2018 00:10:03 -0800] generic      DEBUG    execute "INSERT INTO "_south_new_beeswax_queryhistory" ("submission_date", "last_state", "server_id", "server_name", "log_context", "notify", "query", "design_id", "has_results", "id", "owner_id", "server_host") SELECT "submission_date", "last_state", "server_id", "server_name", "log_context", "notify", "query", "design_id", "has_results", "id", "owner_id", '' as "server_host" FROM "beeswax_queryhistory";" with params "[]"
[13/Dec/2018 00:10:03 -0800] generic      DEBUG    execute "DROP TABLE "beeswax_queryhistory";" with params "[]"
[13/Dec/2018 00:10:03 -0800] generic      DEBUG    execute "ALTER TABLE "_south_new_beeswax_queryhistory" RENAME TO "beeswax_queryhistory";" with params "[]"
[13/Dec/2018 00:10:03 -0800] generic      DEBUG    execute "CREATE INDEX "beeswax_queryhistory_cb902d83" ON "beeswax_queryhistory"("owner_id");" with params "[]"
[13/Dec/2018 00:10:03 -0800] generic      DEBUG    execute "CREATE INDEX "beeswax_queryhistory_38ebade8" ON "beeswax_queryhistory"("design_id");" with params "[]"
[13/Dec/2018 00:10:03 -0800] generic      DEBUG    execute "CREATE INDEX "beeswax_queryhistory_bfe02e93" ON "beeswax_queryhistory"("last_state");" with params "[]"
[13/Dec/2018 00:10:03 -0800] generic      DEBUG    execute "CREATE TABLE "_south_new_beeswax_queryhistory" ("submission_date" datetime NOT NULL, "last_state" integer NOT NULL, "server_id" varchar(1024), "server_name" varchar(128) NOT NULL, "log_context" varchar(1024), "server_host" varchar(128) NOT NULL, "notify" bool NOT NULL, "server_port" smallint NOT NULL, "query" varchar(1024) NOT NULL, "design_id" integer, "has_results" bool NOT NULL, "id" integer PRIMARY KEY, "owner_id" integer NOT NULL)" with params "[]"
[13/Dec/2018 00:10:03 -0800] generic      DEBUG    execute "INSERT INTO "_south_new_beeswax_queryhistory" ("submission_date", "last_state", "server_id", "server_name", "log_context", "server_host", "notify", "query", "design_id", "has_results", "id", "owner_id", "server_port") SELECT "submission_date", "last_state", "server_id", "server_name", "log_context", "server_host", "notify", "query", "design_id", "has_results", "id", "owner_id", '0' as "server_port" FROM "beeswax_queryhistory";" with params "[]"
[13/Dec/2018 00:10:03 -0800] generic      DEBUG    execute "DROP TABLE "beeswax_queryhistory";" with params "[]"
[13/Dec/2018 00:10:03 -0800] generic      DEBUG    execute "ALTER TABLE "_south_new_beeswax_queryhistory" RENAME TO "beeswax_queryhistory";" with params "[]"
[13/Dec/2018 00:10:03 -0800] generic      DEBUG    execute "CREATE INDEX "beeswax_queryhistory_bfe02e93" ON "beeswax_queryhistory"("last_state");" with params "[]"
[13/Dec/2018 00:10:03 -0800] generic      DEBUG    execute "CREATE INDEX "beeswax_queryhistory_38ebade8" ON "beeswax_queryhistory"("design_id");" with params "[]"
[13/Dec/2018 00:10:03 -0800] generic      DEBUG    execute "CREATE INDEX "beeswax_queryhistory_cb902d83" ON "beeswax_queryhistory"("owner_id");" with params "[]"
[13/Dec/2018 00:10:03 -0800] generic      DEBUG    execute "CREATE TABLE "_south_new_beeswax_queryhistory" ("submission_date" datetime NOT NULL, "last_state" integer NOT NULL, "server_id" varchar(1024), "server_name" varchar(128) NOT NULL, "log_context" varchar(1024), "server_host" varchar(128) NOT NULL, "notify" bool NOT NULL, "server_port" smallint NOT NULL, "query" text NOT NULL, "design_id" integer, "has_results" bool NOT NULL, "id" integer PRIMARY KEY, "owner_id" integer NOT NULL)" with params "[]"
[13/Dec/2018 00:10:03 -0800] generic      DEBUG    execute "INSERT INTO "_south_new_beeswax_queryhistory" ("submission_date", "last_state", "server_id", "server_name", "log_context", "server_host", "notify", "server_port", "query", "design_id", "has_results", "id", "owner_id") SELECT "submission_date", "last_state", "server_id", "server_name", "log_context", "server_host", "notify", "server_port", "query", "design_id", "has_results", "id", "owner_id" FROM "beeswax_queryhistory";" with params "[]"
[13/Dec/2018 00:10:03 -0800] generic      DEBUG    execute "DROP TABLE "beeswax_queryhistory";" with params "[]"
[13/Dec/2018 00:10:03 -0800] generic      DEBUG    execute "ALTER TABLE "_south_new_beeswax_queryhistory" RENAME TO "beeswax_queryhistory";" with params "[]"
[13/Dec/2018 00:10:03 -0800] generic      DEBUG    execute "CREATE INDEX "beeswax_queryhistory_cb902d83" ON "beeswax_queryhistory"("owner_id");" with params "[]"
[13/Dec/2018 00:10:03 -0800] generic      DEBUG    execute "CREATE INDEX "beeswax_queryhistory_38ebade8" ON "beeswax_queryhistory"("design_id");" with params "[]"
[13/Dec/2018 00:10:03 -0800] generic      DEBUG    execute "CREATE INDEX "beeswax_queryhistory_bfe02e93" ON "beeswax_queryhistory"("last_state");" with params "[]"
[13/Dec/2018 00:10:03 -0800] generic      DEBUG    execute "CREATE TABLE "beeswax_session" ("last_used" datetime NOT NULL, "status_code" smallint unsigned NOT NULL, "server_protocol_version" smallint NOT NULL, "secret" text NOT NULL, "owner_id" integer NOT NULL, "guid" text NOT NULL, "id" integer NOT NULL PRIMARY KEY)" with params "[]"
[13/Dec/2018 00:10:03 -0800] generic      DEBUG    execute "CREATE TABLE "_south_new_beeswax_queryhistory" ("submission_date" datetime NOT NULL, "last_state" integer NOT NULL, "server_id" varchar(1024), "server_name" varchar(128) NOT NULL, "log_context" varchar(1024), "server_type" varchar(128) NOT NULL, "server_host" varchar(128) NOT NULL, "notify" bool NOT NULL, "server_port" smallint NOT NULL, "query" text NOT NULL, "design_id" integer, "has_results" bool NOT NULL, "id" integer PRIMARY KEY, "owner_id" integer NOT NULL)" with params "[]"
[13/Dec/2018 00:10:03 -0800] generic      DEBUG    execute "INSERT INTO "_south_new_beeswax_queryhistory" ("submission_date", "last_state", "server_id", "server_name", "log_context", "server_host", "notify", "server_port", "query", "design_id", "has_results", "id", "owner_id", "server_type") SELECT "submission_date", "last_state", "server_id", "server_name", "log_context", "server_host", "notify", "server_port", "query", "design_id", "has_results", "id", "owner_id", 'BEESWAX' as "server_type" FROM "beeswax_queryhistory";" with params "[]"
[13/Dec/2018 00:10:03 -0800] generic      DEBUG    execute "DROP TABLE "beeswax_queryhistory";" with params "[]"
[13/Dec/2018 00:10:03 -0800] generic      DEBUG    execute "ALTER TABLE "_south_new_beeswax_queryhistory" RENAME TO "beeswax_queryhistory";" with params "[]"
[13/Dec/2018 00:10:03 -0800] generic      DEBUG    execute "CREATE INDEX "beeswax_queryhistory_bfe02e93" ON "beeswax_queryhistory"("last_state");" with params "[]"
[13/Dec/2018 00:10:03 -0800] generic      DEBUG    execute "CREATE INDEX "beeswax_queryhistory_38ebade8" ON "beeswax_queryhistory"("design_id");" with params "[]"
[13/Dec/2018 00:10:03 -0800] generic      DEBUG    execute "CREATE INDEX "beeswax_queryhistory_cb902d83" ON "beeswax_queryhistory"("owner_id");" with params "[]"
[13/Dec/2018 00:10:03 -0800] generic      DEBUG    execute "CREATE TABLE "_south_new_beeswax_queryhistory" ("submission_date" datetime NOT NULL, "last_state" integer NOT NULL, "server_id" varchar(1024), "log_context" varchar(1024), "server_name" varchar(128) NOT NULL, "server_type" varchar(128) NOT NULL, "server_guid" varchar(1024) NULL, "server_host" varchar(128) NOT NULL, "notify" bool NOT NULL, "server_port" smallint NOT NULL, "query" text NOT NULL, "design_id" integer, "has_results" bool NOT NULL, "id" integer PRIMARY KEY, "owner_id" integer NOT NULL)" with params "[]"
[13/Dec/2018 00:10:03 -0800] generic      DEBUG    execute "INSERT INTO "_south_new_beeswax_queryhistory" ("submission_date", "last_state", "server_id", "server_name", "log_context", "server_type", "server_host", "notify", "server_port", "query", "design_id", "has_results", "id", "owner_id") SELECT "submission_date", "last_state", "server_id", "server_name", "log_context", "server_type", "server_host", "notify", "server_port", "query", "design_id", "has_results", "id", "owner_id" FROM "beeswax_queryhistory";" with params "[]"
[13/Dec/2018 00:10:03 -0800] generic      DEBUG    execute "DROP TABLE "beeswax_queryhistory";" with params "[]"
[13/Dec/2018 00:10:03 -0800] generic      DEBUG    execute "ALTER TABLE "_south_new_beeswax_queryhistory" RENAME TO "beeswax_queryhistory";" with params "[]"
[13/Dec/2018 00:10:03 -0800] generic      DEBUG    execute "CREATE INDEX "beeswax_queryhistory_cb902d83" ON "beeswax_queryhistory"("owner_id");" with params "[]"
[13/Dec/2018 00:10:03 -0800] generic      DEBUG    execute "CREATE INDEX "beeswax_queryhistory_38ebade8" ON "beeswax_queryhistory"("design_id");" with params "[]"
[13/Dec/2018 00:10:03 -0800] generic      DEBUG    execute "CREATE INDEX "beeswax_queryhistory_bfe02e93" ON "beeswax_queryhistory"("last_state");" with params "[]"
[13/Dec/2018 00:10:03 -0800] generic      DEBUG    execute "CREATE TABLE "_south_new_beeswax_queryhistory" ("submission_date" datetime NOT NULL, "last_state" integer NOT NULL, "server_id" varchar(1024), "log_context" varchar(1024), "server_name" varchar(128) NOT NULL, "server_type" varchar(128) NOT NULL, "server_guid" varchar(1024), "server_host" varchar(128) NOT NULL, "notify" bool NOT NULL, "server_port" smallint NOT NULL, "operation_type" smallint NULL, "query" text NOT NULL, "design_id" integer, "has_results" bool NOT NULL, "id" integer PRIMARY KEY, "owner_id" integer NOT NULL)" with params "[]"
[13/Dec/2018 00:10:03 -0800] generic      DEBUG    execute "INSERT INTO "_south_new_beeswax_queryhistory" ("submission_date", "last_state", "server_id", "log_context", "server_name", "server_type", "server_guid", "server_host", "notify", "server_port", "query", "design_id", "has_results", "id", "owner_id") SELECT "submission_date", "last_state", "server_id", "log_context", "server_name", "server_type", "server_guid", "server_host", "notify", "server_port", "query", "design_id", "has_results", "id", "owner_id" FROM "beeswax_queryhistory";" with params "[]"
[13/Dec/2018 00:10:03 -0800] generic      DEBUG    execute "DROP TABLE "beeswax_queryhistory";" with params "[]"
[13/Dec/2018 00:10:03 -0800] generic      DEBUG    execute "ALTER TABLE "_south_new_beeswax_queryhistory" RENAME TO "beeswax_queryhistory";" with params "[]"
[13/Dec/2018 00:10:03 -0800] generic      DEBUG    execute "CREATE INDEX "beeswax_queryhistory_bfe02e93" ON "beeswax_queryhistory"("last_state");" with params "[]"
[13/Dec/2018 00:10:03 -0800] generic      DEBUG    execute "CREATE INDEX "beeswax_queryhistory_38ebade8" ON "beeswax_queryhistory"("design_id");" with params "[]"
[13/Dec/2018 00:10:03 -0800] generic      DEBUG    execute "CREATE INDEX "beeswax_queryhistory_cb902d83" ON "beeswax_queryhistory"("owner_id");" with params "[]"
[13/Dec/2018 00:10:03 -0800] generic      DEBUG    execute "CREATE TABLE "_south_new_beeswax_queryhistory" ("submission_date" datetime NOT NULL, "last_state" integer NOT NULL, "server_id" varchar(1024), "log_context" varchar(1024), "server_name" varchar(128) NOT NULL, "server_type" varchar(128) NOT NULL, "server_guid" varchar(1024), "server_host" varchar(128) NOT NULL, "notify" bool NOT NULL, "server_port" smallint NOT NULL, "operation_type" smallint, "query" text NOT NULL, "modified_row_count" real NULL, "design_id" integer, "has_results" bool NOT NULL, "id" integer PRIMARY KEY, "owner_id" integer NOT NULL)" with params "[]"
[13/Dec/2018 00:10:03 -0800] generic      DEBUG    execute "INSERT INTO "_south_new_beeswax_queryhistory" ("submission_date", "last_state", "server_id", "log_context", "server_name", "server_type", "server_guid", "server_host", "notify", "server_port", "operation_type", "query", "design_id", "has_results", "id", "owner_id") SELECT "submission_date", "last_state", "server_id", "log_context", "server_name", "server_type", "server_guid", "server_host", "notify", "server_port", "operation_type", "query", "design_id", "has_results", "id", "owner_id" FROM "beeswax_queryhistory";" with params "[]"
[13/Dec/2018 00:10:03 -0800] generic      DEBUG    execute "DROP TABLE "beeswax_queryhistory";" with params "[]"
[13/Dec/2018 00:10:03 -0800] generic      DEBUG    execute "ALTER TABLE "_south_new_beeswax_queryhistory" RENAME TO "beeswax_queryhistory";" with params "[]"
[13/Dec/2018 00:10:03 -0800] generic      DEBUG    execute "CREATE INDEX "beeswax_queryhistory_cb902d83" ON "beeswax_queryhistory"("owner_id");" with params "[]"
[13/Dec/2018 00:10:03 -0800] generic      DEBUG    execute "CREATE INDEX "beeswax_queryhistory_38ebade8" ON "beeswax_queryhistory"("design_id");" with params "[]"
[13/Dec/2018 00:10:03 -0800] generic      DEBUG    execute "CREATE INDEX "beeswax_queryhistory_bfe02e93" ON "beeswax_queryhistory"("last_state");" with params "[]"
[13/Dec/2018 00:10:03 -0800] generic      DEBUG    execute "CREATE TABLE "_south_new_beeswax_queryhistory" ("submission_date" datetime NOT NULL, "last_state" integer NOT NULL, "server_id" varchar(1024), "log_context" varchar(1024), "server_name" varchar(128) NOT NULL, "server_type" varchar(128) NOT NULL, "statement_number" smallint NOT NULL, "server_guid" varchar(1024), "server_host" varchar(128) NOT NULL, "notify" bool NOT NULL, "server_port" smallint NOT NULL, "operation_type" smallint, "query" text NOT NULL, "modified_row_count" real, "design_id" integer, "has_results" bool NOT NULL, "id" integer PRIMARY KEY, "owner_id" integer NOT NULL)" with params "[]"
[13/Dec/2018 00:10:03 -0800] generic      DEBUG    execute "INSERT INTO "_south_new_beeswax_queryhistory" ("submission_date", "last_state", "server_id", "log_context", "server_name", "server_type", "server_guid", "server_host", "notify", "server_port", "operation_type", "query", "modified_row_count", "design_id", "has_results", "id", "owner_id", "statement_number") SELECT "submission_date", "last_state", "server_id", "log_context", "server_name", "server_type", "server_guid", "server_host", "notify", "server_port", "operation_type", "query", "modified_row_count", "design_id", "has_results", "id", "owner_id", '0' as "statement_number" FROM "beeswax_queryhistory";" with params "[]"
[13/Dec/2018 00:10:03 -0800] generic      DEBUG    execute "DROP TABLE "beeswax_queryhistory";" with params "[]"
[13/Dec/2018 00:10:03 -0800] generic      DEBUG    execute "ALTER TABLE "_south_new_beeswax_queryhistory" RENAME TO "beeswax_queryhistory";" with params "[]"
[13/Dec/2018 00:10:03 -0800] generic      DEBUG    execute "CREATE INDEX "beeswax_queryhistory_bfe02e93" ON "beeswax_queryhistory"("last_state");" with params "[]"
[13/Dec/2018 00:10:03 -0800] generic      DEBUG    execute "CREATE INDEX "beeswax_queryhistory_38ebade8" ON "beeswax_queryhistory"("design_id");" with params "[]"
[13/Dec/2018 00:10:03 -0800] generic      DEBUG    execute "CREATE INDEX "beeswax_queryhistory_cb902d83" ON "beeswax_queryhistory"("owner_id");" with params "[]"
[13/Dec/2018 00:10:03 -0800] generic      DEBUG    execute "CREATE TABLE "_south_new_beeswax_session" ("last_used" datetime NOT NULL, "status_code" smallint unsigned NOT NULL, "server_protocol_version" smallint NOT NULL, "application" varchar(128) NOT NULL, "secret" text NOT NULL, "guid" text NOT NULL, "id" integer PRIMARY KEY, "owner_id" integer NOT NULL)" with params "[]"
[13/Dec/2018 00:10:03 -0800] generic      DEBUG    execute "INSERT INTO "_south_new_beeswax_session" ("last_used", "status_code", "server_protocol_version", "secret", "owner_id", "guid", "id", "application") SELECT "last_used", "status_code", "server_protocol_version", "secret", "owner_id", "guid", "id", 'beeswax' as "application" FROM "beeswax_session";" with params "[]"
[13/Dec/2018 00:10:03 -0800] generic      DEBUG    execute "DROP TABLE "beeswax_session";" with params "[]"
[13/Dec/2018 00:10:03 -0800] generic      DEBUG    execute "ALTER TABLE "_south_new_beeswax_session" RENAME TO "beeswax_session";" with params "[]"
[13/Dec/2018 00:10:03 -0800] generic      DEBUG    execute "CREATE TABLE "_south_new_beeswax_savedquery" ("name" varchar(64) NOT NULL, "data" text NOT NULL, "is_auto" bool NOT NULL, "mtime" datetime NOT NULL, "desc" text NOT NULL, "type" integer NOT NULL, "id" integer PRIMARY KEY, "is_trashed" bool NOT NULL, "owner_id" integer NOT NULL)" with params "[]"
[13/Dec/2018 00:10:03 -0800] generic      DEBUG    execute "INSERT INTO "_south_new_beeswax_savedquery" ("name", "type", "is_auto", "mtime", "owner_id", "data", "id", "desc", "is_trashed") SELECT "name", "type", "is_auto", "mtime", "owner_id", "data", "id", "desc", 'False' as "is_trashed" FROM "beeswax_savedquery";" with params "[]"
[13/Dec/2018 00:10:03 -0800] generic      DEBUG    execute "DROP TABLE "beeswax_savedquery";" with params "[]"
[13/Dec/2018 00:10:03 -0800] generic      DEBUG    execute "ALTER TABLE "_south_new_beeswax_savedquery" RENAME TO "beeswax_savedquery";" with params "[]"
[13/Dec/2018 00:10:03 -0800] generic      DEBUG    execute "CREATE INDEX "beeswax_savedquery_cb902d83" ON "beeswax_savedquery"("owner_id");" with params "[]"
[13/Dec/2018 00:10:03 -0800] generic      DEBUG    execute "CREATE INDEX "beeswax_savedquery_db558b3c" ON "beeswax_savedquery"("is_auto");" with params "[]"
[13/Dec/2018 00:10:03 -0800] generic      DEBUG    execute "CREATE TABLE "_south_new_beeswax_queryhistory" ("submission_date" datetime NOT NULL, "last_state" integer NOT NULL, "server_id" varchar(1024), "log_context" varchar(1024), "server_name" varchar(128) NOT NULL, "server_type" varchar(128) NOT NULL, "query_type" smallint NOT NULL, "server_guid" varchar(1024), "statement_number" smallint NOT NULL, "server_host" varchar(128) NOT NULL, "notify" bool NOT NULL, "server_port" smallint NOT NULL, "operation_type" smallint, "query" text NOT NULL, "modified_row_count" real, "design_id" integer, "has_results" bool NOT NULL, "id" integer PRIMARY KEY, "owner_id" integer NOT NULL)" with params "[]"
[13/Dec/2018 00:10:03 -0800] generic      DEBUG    execute "INSERT INTO "_south_new_beeswax_queryhistory" ("submission_date", "last_state", "server_id", "log_context", "server_name", "server_type", "statement_number", "server_guid", "server_host", "notify", "server_port", "operation_type", "query", "modified_row_count", "design_id", "has_results", "id", "owner_id", "query_type") SELECT "submission_date", "last_state", "server_id", "log_context", "server_name", "server_type", "statement_number", "server_guid", "server_host", "notify", "server_port", "operation_type", "query", "modified_row_count", "design_id", "has_results", "id", "owner_id", '0' as "query_type" FROM "beeswax_queryhistory";" with params "[]"
[13/Dec/2018 00:10:03 -0800] generic      DEBUG    execute "DROP TABLE "beeswax_queryhistory";" with params "[]"
[13/Dec/2018 00:10:03 -0800] generic      DEBUG    execute "ALTER TABLE "_south_new_beeswax_queryhistory" RENAME TO "beeswax_queryhistory";" with params "[]"
[13/Dec/2018 00:10:03 -0800] generic      DEBUG    execute "CREATE INDEX "beeswax_queryhistory_cb902d83" ON "beeswax_queryhistory"("owner_id");" with params "[]"
[13/Dec/2018 00:10:03 -0800] generic      DEBUG    execute "CREATE INDEX "beeswax_queryhistory_38ebade8" ON "beeswax_queryhistory"("design_id");" with params "[]"
[13/Dec/2018 00:10:03 -0800] generic      DEBUG    execute "CREATE INDEX "beeswax_queryhistory_bfe02e93" ON "beeswax_queryhistory"("last_state");" with params "[]"
[13/Dec/2018 00:10:04 -0800] generic      DEBUG    execute "CREATE TABLE "_south_new_beeswax_savedquery" ("name" varchar(64) NOT NULL, "data" text NOT NULL, "is_auto" bool NOT NULL, "mtime" datetime NOT NULL, "is_redacted" bool NOT NULL, "owner_id" integer NOT NULL, "type" integer NOT NULL, "id" integer PRIMARY KEY, "is_trashed" bool NOT NULL, "desc" text NOT NULL)" with params "[]"
[13/Dec/2018 00:10:04 -0800] generic      DEBUG    execute "INSERT INTO "_south_new_beeswax_savedquery" ("name", "data", "is_auto", "mtime", "desc", "type", "id", "is_trashed", "owner_id", "is_redacted") SELECT "name", "data", "is_auto", "mtime", "desc", "type", "id", "is_trashed", "owner_id", 'False' as "is_redacted" FROM "beeswax_savedquery";" with params "[]"
[13/Dec/2018 00:10:04 -0800] generic      DEBUG    execute "DROP TABLE "beeswax_savedquery";" with params "[]"
[13/Dec/2018 00:10:04 -0800] generic      DEBUG    execute "ALTER TABLE "_south_new_beeswax_savedquery" RENAME TO "beeswax_savedquery";" with params "[]"
[13/Dec/2018 00:10:04 -0800] generic      DEBUG    execute "CREATE INDEX "beeswax_savedquery_db558b3c" ON "beeswax_savedquery"("is_auto");" with params "[]"
[13/Dec/2018 00:10:04 -0800] generic      DEBUG    execute "CREATE INDEX "beeswax_savedquery_cb902d83" ON "beeswax_savedquery"("owner_id");" with params "[]"
[13/Dec/2018 00:10:04 -0800] generic      DEBUG    execute "CREATE TABLE "_south_new_beeswax_queryhistory" ("submission_date" datetime NOT NULL, "last_state" integer NOT NULL, "server_id" varchar(1024), "log_context" varchar(1024), "server_name" varchar(128) NOT NULL, "server_type" varchar(128) NOT NULL, "query_type" smallint NOT NULL, "is_redacted" bool NOT NULL, "server_guid" varchar(1024), "statement_number" smallint NOT NULL, "server_host" varchar(128) NOT NULL, "notify" bool NOT NULL, "server_port" smallint NOT NULL, "operation_type" smallint, "query" text NOT NULL, "modified_row_count" real, "design_id" integer, "has_results" bool NOT NULL, "id" integer PRIMARY KEY, "owner_id" integer NOT NULL)" with params "[]"
[13/Dec/2018 00:10:04 -0800] generic      DEBUG    execute "INSERT INTO "_south_new_beeswax_queryhistory" ("submission_date", "last_state", "server_id", "log_context", "server_name", "server_type", "query_type", "server_guid", "statement_number", "server_host", "notify", "server_port", "operation_type", "query", "modified_row_count", "design_id", "has_results", "id", "owner_id", "is_redacted") SELECT "submission_date", "last_state", "server_id", "log_context", "server_name", "server_type", "query_type", "server_guid", "statement_number", "server_host", "notify", "server_port", "operation_type", "query", "modified_row_count", "design_id", "has_results", "id", "owner_id", 'False' as "is_redacted" FROM "beeswax_queryhistory";" with params "[]"
[13/Dec/2018 00:10:04 -0800] generic      DEBUG    execute "DROP TABLE "beeswax_queryhistory";" with params "[]"
[13/Dec/2018 00:10:04 -0800] generic      DEBUG    execute "ALTER TABLE "_south_new_beeswax_queryhistory" RENAME TO "beeswax_queryhistory";" with params "[]"
[13/Dec/2018 00:10:04 -0800] generic      DEBUG    execute "CREATE INDEX "beeswax_queryhistory_bfe02e93" ON "beeswax_queryhistory"("last_state");" with params "[]"
[13/Dec/2018 00:10:04 -0800] generic      DEBUG    execute "CREATE INDEX "beeswax_queryhistory_38ebade8" ON "beeswax_queryhistory"("design_id");" with params "[]"
[13/Dec/2018 00:10:04 -0800] generic      DEBUG    execute "CREATE INDEX "beeswax_queryhistory_cb902d83" ON "beeswax_queryhistory"("owner_id");" with params "[]"
[13/Dec/2018 00:10:04 -0800] generic      DEBUG    execute "CREATE TABLE "_south_new_beeswax_queryhistory" ("submission_date" datetime NOT NULL, "last_state" integer NOT NULL, "server_id" varchar(1024), "log_context" varchar(1024), "server_name" varchar(128) NOT NULL, "server_type" varchar(128) NOT NULL, "query_type" smallint NOT NULL, "owner_id" integer NOT NULL, "server_guid" varchar(1024), "statement_number" smallint NOT NULL, "server_host" varchar(128) NOT NULL, "notify" bool NOT NULL, "server_port" integer unsigned NOT NULL, "is_redacted" bool NOT NULL, "query" text NOT NULL, "modified_row_count" real, "design_id" integer, "has_results" bool NOT NULL, "id" integer PRIMARY KEY, "operation_type" smallint)" with params "[]"
[13/Dec/2018 00:10:04 -0800] generic      DEBUG    execute "INSERT INTO "_south_new_beeswax_queryhistory" ("submission_date", "last_state", "server_id", "log_context", "server_name", "server_type", "query_type", "is_redacted", "server_guid", "statement_number", "server_host", "notify", "server_port", "operation_type", "query", "modified_row_count", "design_id", "has_results", "id", "owner_id") SELECT "submission_date", "last_state", "server_id", "log_context", "server_name", "server_type", "query_type", "is_redacted", "server_guid", "statement_number", "server_host", "notify", "server_port", "operation_type", "query", "modified_row_count", "design_id", "has_results", "id", "owner_id" FROM "beeswax_queryhistory";" with params "[]"
[13/Dec/2018 00:10:04 -0800] generic      DEBUG    execute "DROP TABLE "beeswax_queryhistory";" with params "[]"
[13/Dec/2018 00:10:04 -0800] generic      DEBUG    execute "ALTER TABLE "_south_new_beeswax_queryhistory" RENAME TO "beeswax_queryhistory";" with params "[]"
[13/Dec/2018 00:10:04 -0800] generic      DEBUG    execute "CREATE INDEX "beeswax_queryhistory_cb902d83" ON "beeswax_queryhistory"("owner_id");" with params "[]"
[13/Dec/2018 00:10:04 -0800] generic      DEBUG    execute "CREATE INDEX "beeswax_queryhistory_38ebade8" ON "beeswax_queryhistory"("design_id");" with params "[]"
[13/Dec/2018 00:10:04 -0800] generic      DEBUG    execute "CREATE INDEX "beeswax_queryhistory_bfe02e93" ON "beeswax_queryhistory"("last_state");" with params "[]"
[13/Dec/2018 00:10:04 -0800] generic      DEBUG    execute "CREATE TABLE "_south_new_beeswax_savedquery" ("name" varchar(80) NOT NULL, "type" integer NOT NULL, "is_auto" bool NOT NULL, "mtime" datetime NOT NULL, "is_redacted" bool NOT NULL, "desc" text NOT NULL, "data" text NOT NULL, "id" integer PRIMARY KEY, "is_trashed" bool NOT NULL, "owner_id" integer NOT NULL)" with params "[]"
[13/Dec/2018 00:10:04 -0800] generic      DEBUG    execute "INSERT INTO "_south_new_beeswax_savedquery" ("name", "data", "is_auto", "mtime", "is_redacted", "owner_id", "type", "id", "is_trashed", "desc") SELECT "name", "data", "is_auto", "mtime", "is_redacted", "owner_id", "type", "id", "is_trashed", "desc" FROM "beeswax_savedquery";" with params "[]"
[13/Dec/2018 00:10:04 -0800] generic      DEBUG    execute "DROP TABLE "beeswax_savedquery";" with params "[]"
[13/Dec/2018 00:10:04 -0800] generic      DEBUG    execute "ALTER TABLE "_south_new_beeswax_savedquery" RENAME TO "beeswax_savedquery";" with params "[]"
[13/Dec/2018 00:10:04 -0800] generic      DEBUG    execute "CREATE INDEX "beeswax_savedquery_cb902d83" ON "beeswax_savedquery"("owner_id");" with params "[]"
[13/Dec/2018 00:10:04 -0800] generic      DEBUG    execute "CREATE INDEX "beeswax_savedquery_db558b3c" ON "beeswax_savedquery"("is_auto");" with params "[]"
[13/Dec/2018 00:10:04 -0800] generic      DEBUG    execute "CREATE TABLE "jobsub_jobdesign" ("description" varchar(1024) NOT NULL, "data" text NOT NULL, "last_modified" datetime NOT NULL, "owner_id" integer NOT NULL, "type" varchar(128) NOT NULL, "id" integer NOT NULL PRIMARY KEY, "name" varchar(40) NOT NULL)" with params "[]"
[13/Dec/2018 00:10:04 -0800] generic      DEBUG    execute "CREATE TABLE "jobsub_checkforsetup" ("setup_run" bool NOT NULL, "id" integer NOT NULL PRIMARY KEY)" with params "[]"
[13/Dec/2018 00:10:04 -0800] generic      DEBUG    execute "CREATE INDEX "jobsub_jobdesign_cb902d83" ON "jobsub_jobdesign" ("owner_id");" with params "[]"
[13/Dec/2018 00:10:04 -0800] generic      DEBUG    execute "CREATE TABLE "jobsub_ooziestreamingaction" ("oozieaction_ptr_id" integer NOT NULL PRIMARY KEY, "files" varchar(512) NOT NULL, "mapper" varchar(512) NOT NULL, "reducer" varchar(512) NOT NULL, "job_properties" text NOT NULL, "archives" varchar(512) NOT NULL)" with params "[]"
[13/Dec/2018 00:10:04 -0800] generic      DEBUG    execute "CREATE TABLE "jobsub_oozieaction" ("id" integer NOT NULL PRIMARY KEY, "action_type" varchar(64) NOT NULL)" with params "[]"
[13/Dec/2018 00:10:04 -0800] generic      DEBUG    execute "CREATE TABLE "jobsub_ooziedesign" ("description" varchar(1024) NOT NULL, "last_modified" datetime NOT NULL, "owner_id" integer NOT NULL, "id" integer NOT NULL PRIMARY KEY, "root_action_id" integer NOT NULL, "name" varchar(64) NOT NULL)" with params "[]"
[13/Dec/2018 00:10:04 -0800] generic      DEBUG    execute "CREATE TABLE "jobsub_jobhistory" ("owner_id" integer NOT NULL, "submission_date" datetime NOT NULL, "design_id" integer NOT NULL, "id" integer NOT NULL PRIMARY KEY, "job_id" varchar(128) NOT NULL)" with params "[]"
[13/Dec/2018 00:10:04 -0800] generic      DEBUG    execute "CREATE TABLE "jobsub_ooziemapreduceaction" ("oozieaction_ptr_id" integer NOT NULL PRIMARY KEY, "files" varchar(512) NOT NULL, "jar_path" varchar(512) NOT NULL, "archives" varchar(512) NOT NULL, "job_properties" text NOT NULL)" with params "[]"
[13/Dec/2018 00:10:04 -0800] generic      DEBUG    execute "CREATE TABLE "jobsub_ooziejavaaction" ("oozieaction_ptr_id" integer NOT NULL PRIMARY KEY, "files" varchar(512) NOT NULL, "jar_path" varchar(512) NOT NULL, "java_opts" varchar(256) NOT NULL, "args" text NOT NULL, "job_properties" text NOT NULL, "archives" varchar(512) NOT NULL, "main_class" varchar(256) NOT NULL)" with params "[]"
[13/Dec/2018 00:10:04 -0800] generic      DEBUG    execute "CREATE TABLE "_south_new_jobsub_checkforsetup" ("setup_run" bool NOT NULL, "id" integer PRIMARY KEY, "setup_level" integer NOT NULL)" with params "[]"
[13/Dec/2018 00:10:04 -0800] generic      DEBUG    execute "INSERT INTO "_south_new_jobsub_checkforsetup" ("setup_run", "id", "setup_level") SELECT "setup_run", "id", '0' as "setup_level" FROM "jobsub_checkforsetup";" with params "[]"
[13/Dec/2018 00:10:04 -0800] generic      DEBUG    execute "DROP TABLE "jobsub_checkforsetup";" with params "[]"
[13/Dec/2018 00:10:04 -0800] generic      DEBUG    execute "ALTER TABLE "_south_new_jobsub_checkforsetup" RENAME TO "jobsub_checkforsetup";" with params "[]"
[13/Dec/2018 00:10:04 -0800] generic      DEBUG    execute "CREATE TABLE "_south_new_jobsub_ooziestreamingaction" ("files" varchar(512) NOT NULL, "mapper" varchar(512) NOT NULL, "oozieaction_ptr_id" integer PRIMARY KEY, "reducer" varchar(512) NOT NULL, "job_properties" text NOT NULL, "archives" varchar(512) NOT NULL)" with params "[]"
[13/Dec/2018 00:10:04 -0800] generic      DEBUG    execute "INSERT INTO "_south_new_jobsub_ooziestreamingaction" ("oozieaction_ptr_id", "files", "mapper", "reducer", "job_properties", "archives") SELECT "oozieaction_ptr_id", "files", "mapper", "reducer", "job_properties", "archives" FROM "jobsub_ooziestreamingaction";" with params "[]"
[13/Dec/2018 00:10:04 -0800] generic      DEBUG    execute "DROP TABLE "jobsub_ooziestreamingaction";" with params "[]"
[13/Dec/2018 00:10:04 -0800] generic      DEBUG    execute "ALTER TABLE "_south_new_jobsub_ooziestreamingaction" RENAME TO "jobsub_ooziestreamingaction";" with params "[]"
[13/Dec/2018 00:10:04 -0800] generic      DEBUG    execute "CREATE TABLE "_south_new_jobsub_ooziemapreduceaction" ("files" varchar(512) NOT NULL, "job_properties" text NOT NULL, "oozieaction_ptr_id" integer PRIMARY KEY, "archives" varchar(512) NOT NULL, "jar_path" varchar(512) NOT NULL)" with params "[]"
[13/Dec/2018 00:10:04 -0800] generic      DEBUG    execute "INSERT INTO "_south_new_jobsub_ooziemapreduceaction" ("oozieaction_ptr_id", "files", "jar_path", "archives", "job_properties") SELECT "oozieaction_ptr_id", "files", "jar_path", "archives", "job_properties" FROM "jobsub_ooziemapreduceaction";" with params "[]"
[13/Dec/2018 00:10:04 -0800] generic      DEBUG    execute "DROP TABLE "jobsub_ooziemapreduceaction";" with params "[]"
[13/Dec/2018 00:10:04 -0800] generic      DEBUG    execute "ALTER TABLE "_south_new_jobsub_ooziemapreduceaction" RENAME TO "jobsub_ooziemapreduceaction";" with params "[]"
[13/Dec/2018 00:10:04 -0800] generic      DEBUG    execute "CREATE TABLE "_south_new_jobsub_ooziejavaaction" ("files" varchar(512) NOT NULL, "args" text NOT NULL, "jar_path" varchar(512) NOT NULL, "java_opts" varchar(256) NOT NULL, "oozieaction_ptr_id" integer PRIMARY KEY, "job_properties" text NOT NULL, "archives" varchar(512) NOT NULL, "main_class" varchar(256) NOT NULL)" with params "[]"
[13/Dec/2018 00:10:04 -0800] generic      DEBUG    execute "INSERT INTO "_south_new_jobsub_ooziejavaaction" ("oozieaction_ptr_id", "files", "jar_path", "java_opts", "args", "job_properties", "archives", "main_class") SELECT "oozieaction_ptr_id", "files", "jar_path", "java_opts", "args", "job_properties", "archives", "main_class" FROM "jobsub_ooziejavaaction";" with params "[]"
[13/Dec/2018 00:10:04 -0800] generic      DEBUG    execute "DROP TABLE "jobsub_ooziejavaaction";" with params "[]"
[13/Dec/2018 00:10:04 -0800] generic      DEBUG    execute "ALTER TABLE "_south_new_jobsub_ooziejavaaction" RENAME TO "jobsub_ooziejavaaction";" with params "[]"
[13/Dec/2018 00:10:04 -0800] generic      DEBUG    execute "CREATE TABLE "_south_new_jobsub_jobdesign" ("description" varchar(1024) NOT NULL, "data" text NOT NULL, "name" varchar(40) NOT NULL, "last_modified" datetime NOT NULL, "type" varchar(128) NOT NULL, "id" integer PRIMARY KEY, "owner_id" integer NOT NULL)" with params "[]"
[13/Dec/2018 00:10:04 -0800] generic      DEBUG    execute "INSERT INTO "_south_new_jobsub_jobdesign" ("description", "data", "last_modified", "owner_id", "type", "id", "name") SELECT "description", "data", "last_modified", "owner_id", "type", "id", "name" FROM "jobsub_jobdesign";" with params "[]"
[13/Dec/2018 00:10:04 -0800] generic      DEBUG    execute "DROP TABLE "jobsub_jobdesign";" with params "[]"
[13/Dec/2018 00:10:04 -0800] generic      DEBUG    execute "ALTER TABLE "_south_new_jobsub_jobdesign" RENAME TO "jobsub_jobdesign";" with params "[]"
[13/Dec/2018 00:10:04 -0800] generic      DEBUG    execute "CREATE INDEX "jobsub_jobdesign_cb902d83" ON "jobsub_jobdesign"("owner_id");" with params "[]"
[13/Dec/2018 00:10:04 -0800] generic      DEBUG    execute "CREATE TABLE "_south_new_jobsub_ooziejavaaction" ("files" varchar(512) NOT NULL, "oozieaction_ptr_id" integer PRIMARY KEY, "jar_path" varchar(512) NOT NULL, "java_opts" varchar(256) NOT NULL, "args" text NOT NULL, "job_properties" text NOT NULL, "archives" varchar(512) NOT NULL, "main_class" varchar(256) NOT NULL)" with params "[]"
[13/Dec/2018 00:10:04 -0800] generic      DEBUG    execute "INSERT INTO "_south_new_jobsub_ooziejavaaction" ("files", "args", "jar_path", "java_opts", "oozieaction_ptr_id", "job_properties", "archives", "main_class") SELECT "files", "args", "jar_path", "java_opts", "oozieaction_ptr_id", "job_properties", "archives", "main_class" FROM "jobsub_ooziejavaaction";" with params "[]"
[13/Dec/2018 00:10:04 -0800] generic      DEBUG    execute "DROP TABLE "jobsub_ooziejavaaction";" with params "[]"
[13/Dec/2018 00:10:04 -0800] generic      DEBUG    execute "ALTER TABLE "_south_new_jobsub_ooziejavaaction" RENAME TO "jobsub_ooziejavaaction";" with params "[]"
[13/Dec/2018 00:10:04 -0800] generic      DEBUG    execute "CREATE TABLE "search_facet" ("data" text NOT NULL, "enabled" bool NOT NULL, "id" integer NOT NULL PRIMARY KEY)" with params "[]"
[13/Dec/2018 00:10:04 -0800] generic      DEBUG    execute "CREATE TABLE "search_result" ("data" text NOT NULL, "id" integer NOT NULL PRIMARY KEY)" with params "[]"
[13/Dec/2018 00:10:04 -0800] generic      DEBUG    execute "CREATE TABLE "search_sorting" ("data" text NOT NULL, "id" integer NOT NULL PRIMARY KEY)" with params "[]"
[13/Dec/2018 00:10:04 -0800] generic      DEBUG    execute "CREATE TABLE "search_core" ("sorting_id" integer NOT NULL, "name" varchar(40) NOT NULL UNIQUE, "facets_id" integer NOT NULL, "enabled" bool NOT NULL, "label" varchar(100) NOT NULL, "result_id" integer NOT NULL, "id" integer NOT NULL PRIMARY KEY, "properties" text NOT NULL)" with params "[]"
[13/Dec/2018 00:10:04 -0800] generic      DEBUG    execute "CREATE INDEX "search_core_1ee0a855" ON "search_core" ("sorting_id");" with params "[]"
[13/Dec/2018 00:10:04 -0800] generic      DEBUG    execute "CREATE INDEX "search_core_be9133f8" ON "search_core" ("facets_id");" with params "[]"
[13/Dec/2018 00:10:04 -0800] generic      DEBUG    execute "CREATE INDEX "search_core_f41c4334" ON "search_core" ("result_id");" with params "[]"
[13/Dec/2018 00:10:04 -0800] generic      DEBUG    execute "DROP TABLE "search_core";" with params "[]"
[13/Dec/2018 00:10:04 -0800] generic      DEBUG    execute "CREATE TABLE "search_collection" ("properties" text NOT NULL, "sorting_id" integer NOT NULL, "name" varchar(40) NOT NULL, "facets_id" integer NOT NULL, "enabled" bool NOT NULL, "label" varchar(100) NOT NULL, "is_core_only" bool NOT NULL, "result_id" integer NOT NULL, "cores" text NOT NULL, "id" integer NOT NULL PRIMARY KEY)" with params "[]"
[13/Dec/2018 00:10:04 -0800] generic      DEBUG    execute "CREATE INDEX "search_collection_1ee0a855" ON "search_collection" ("sorting_id");" with params "[]"
[13/Dec/2018 00:10:04 -0800] generic      DEBUG    execute "CREATE INDEX "search_collection_be9133f8" ON "search_collection" ("facets_id");" with params "[]"
[13/Dec/2018 00:10:04 -0800] generic      DEBUG    execute "CREATE INDEX "search_collection_f41c4334" ON "search_collection" ("result_id");" with params "[]"
[13/Dec/2018 00:10:04 -0800] generic      DEBUG    execute "CREATE TABLE "_south_new_search_collection" ("facets_id" integer NOT NULL, "enabled" bool NOT NULL, "label" varchar(100) NOT NULL, "is_core_only" bool NOT NULL, "id" integer PRIMARY KEY, "cores" text NOT NULL, "owner_id" integer NULL, "result_id" integer NOT NULL, "properties" text NOT NULL, "sorting_id" integer NOT NULL, "name" varchar(40) NOT NULL)" with params "[]"
[13/Dec/2018 00:10:04 -0800] generic      DEBUG    execute "INSERT INTO "_south_new_search_collection" ("properties", "sorting_id", "name", "facets_id", "enabled", "label", "is_core_only", "result_id", "cores", "id") SELECT "properties", "sorting_id", "name", "facets_id", "enabled", "label", "is_core_only", "result_id", "cores", "id" FROM "search_collection";" with params "[]"
[13/Dec/2018 00:10:04 -0800] generic      DEBUG    execute "DROP TABLE "search_collection";" with params "[]"
[13/Dec/2018 00:10:04 -0800] generic      DEBUG    execute "ALTER TABLE "_south_new_search_collection" RENAME TO "search_collection";" with params "[]"
[13/Dec/2018 00:10:04 -0800] generic      DEBUG    execute "CREATE INDEX "search_collection_f41c4334" ON "search_collection"("result_id");" with params "[]"
[13/Dec/2018 00:10:04 -0800] generic      DEBUG    execute "CREATE INDEX "search_collection_be9133f8" ON "search_collection"("facets_id");" with params "[]"
[13/Dec/2018 00:10:04 -0800] generic      DEBUG    execute "CREATE INDEX "search_collection_1ee0a855" ON "search_collection"("sorting_id");" with params "[]"
[13/Dec/2018 00:10:05 -0800] generic      DEBUG    execute "CREATE TABLE "useradmin_userprofile" ("home_directory" varchar(1024) NULL, "id" integer NOT NULL PRIMARY KEY, "user_id" integer NOT NULL UNIQUE)" with params "[]"
[13/Dec/2018 00:10:05 -0800] generic      DEBUG    execute "CREATE TABLE "useradmin_grouppermission" ("hue_permission_id" integer NOT NULL, "group_id" integer NOT NULL, "id" integer NOT NULL PRIMARY KEY)" with params "[]"
[13/Dec/2018 00:10:05 -0800] generic      DEBUG    execute "CREATE TABLE "useradmin_huepermission" ("action" varchar(100) NOT NULL, "app" varchar(30) NOT NULL, "id" integer NOT NULL PRIMARY KEY, "description" varchar(255) NOT NULL)" with params "[]"
[13/Dec/2018 00:10:05 -0800] generic      DEBUG    execute "CREATE INDEX "useradmin_grouppermission_9dd0e7a9" ON "useradmin_grouppermission" ("hue_permission_id");" with params "[]"
[13/Dec/2018 00:10:05 -0800] generic      DEBUG    execute "CREATE INDEX "useradmin_grouppermission_5f412f9a" ON "useradmin_grouppermission" ("group_id");" with params "[]"
[13/Dec/2018 00:10:05 -0800] generic      DEBUG    execute "CREATE TABLE "useradmin_ldapgroup" ("group_id" integer NOT NULL, "id" integer NOT NULL PRIMARY KEY)" with params "[]"
[13/Dec/2018 00:10:05 -0800] generic      DEBUG    execute "CREATE TABLE "_south_new_useradmin_userprofile" ("creation_method" varchar(64) NOT NULL, "user_id" integer NOT NULL UNIQUE, "id" integer PRIMARY KEY, "home_directory" varchar(1024))" with params "[]"
[13/Dec/2018 00:10:05 -0800] generic      DEBUG    execute "INSERT INTO "_south_new_useradmin_userprofile" ("home_directory", "id", "user_id", "creation_method") SELECT "home_directory", "id", "user_id", 'HUE' as "creation_method" FROM "useradmin_userprofile";" with params "[]"
[13/Dec/2018 00:10:05 -0800] generic      DEBUG    execute "DROP TABLE "useradmin_userprofile";" with params "[]"
[13/Dec/2018 00:10:05 -0800] generic      DEBUG    execute "ALTER TABLE "_south_new_useradmin_userprofile" RENAME TO "useradmin_userprofile";" with params "[]"
[13/Dec/2018 00:10:05 -0800] generic      DEBUG    execute "CREATE TABLE "_south_new_useradmin_userprofile" ("creation_method" varchar(64) NOT NULL, "first_login" bool NOT NULL, "user_id" integer NOT NULL UNIQUE, "id" integer PRIMARY KEY, "home_directory" varchar(1024))" with params "[]"
[13/Dec/2018 00:10:05 -0800] generic      DEBUG    execute "INSERT INTO "_south_new_useradmin_userprofile" ("creation_method", "user_id", "id", "home_directory", "first_login") SELECT "creation_method", "user_id", "id", "home_directory", 'True' as "first_login" FROM "useradmin_userprofile";" with params "[]"
[13/Dec/2018 00:10:05 -0800] generic      DEBUG    execute "DROP TABLE "useradmin_userprofile";" with params "[]"
[13/Dec/2018 00:10:05 -0800] generic      DEBUG    execute "ALTER TABLE "_south_new_useradmin_userprofile" RENAME TO "useradmin_userprofile";" with params "[]"
[13/Dec/2018 00:10:05 -0800] models       INFO     HuePermissions: 25 added, 0 updated, 0 up to date, 0 stale
