[13/Dec/2018 17:36:17 ] settings     INFO     Welcome to Hue 3.9.0
[13/Dec/2018 17:36:17 ] appmanager   DEBUG    Loaded Desktop Libraries: hadoop, liboauth, liboozie, libopenid, librdbms, libsaml, libsentry, libsolr, libzookeeper
[13/Dec/2018 17:36:17 ] appmanager   DEBUG    Loaded Desktop Applications: indexer, about, beeswax, filebrowser, hbase, help, impala, jobbrowser, jobsub, metastore, oozie, pig, proxy, rdbms, search, security, spark, sqoop, useradmin, zookeeper
[13/Dec/2018 17:36:17 ] settings     DEBUG    Installed Django modules: DesktopModule(hadoop: hadoop),DesktopModule(liboauth: liboauth),DesktopModule(liboozie: liboozie),DesktopModule(libopenid: libopenid),DesktopModule(librdbms: librdbms),DesktopModule(libsaml: libsaml),DesktopModule(libsentry: libsentry),DesktopModule(libsolr: libsolr),DesktopModule(libzookeeper: libzookeeper),DesktopModule(Hue: desktop),DesktopModule(Solr Indexer: indexer),DesktopModule(About: about),DesktopModule(Hive Editor: beeswax),DesktopModule(File Browser: filebrowser),DesktopModule(HBase Browser: hbase),DesktopModule(Help: help),DesktopModule(Impala Editor: impala),DesktopModule(Job Browser: jobbrowser),DesktopModule(Job Designer: jobsub),DesktopModule(Metastore Manager: metastore),DesktopModule(Oozie Editor/Dashboard: oozie),DesktopModule(Pig Editor: pig),DesktopModule(Proxy: proxy),DesktopModule(RDBMS UI: rdbms),DesktopModule(Solr Search: search),DesktopModule(Hadoop Security: security),DesktopModule(Spark: spark),DesktopModule(Sqoop: sqoop),DesktopModule(User Admin: useradmin),DesktopModule(ZooKeeper Browser: zookeeper)
[13/Dec/2018 17:36:17 ] settings     DEBUG    DESKTOP_DB_TEST_NAME SET: /home/XLS_PlatForm/hue-release-3.9.0/desktop/desktop-test.db
[13/Dec/2018 01:36:18 -0800] __init__     WARNING  Couldn't import snappy. Support for snappy compression disabled.
[13/Dec/2018 01:36:18 -0800] create_desktop_app INFO     Writing /home/XLS_PlatForm/hue-release-3.9.0/NodeState/Makefile
[13/Dec/2018 01:36:18 -0800] create_desktop_app INFO     Writing /home/XLS_PlatForm/hue-release-3.9.0/NodeState/setup.py
[13/Dec/2018 01:36:18 -0800] create_desktop_app INFO     Writing /home/XLS_PlatForm/hue-release-3.9.0/NodeState/src/NodeState/models.py
[13/Dec/2018 01:36:18 -0800] create_desktop_app INFO     Writing /home/XLS_PlatForm/hue-release-3.9.0/NodeState/src/NodeState/__init__.py
[13/Dec/2018 01:36:18 -0800] create_desktop_app INFO     Writing /home/XLS_PlatForm/hue-release-3.9.0/NodeState/src/NodeState/forms.py
[13/Dec/2018 01:36:18 -0800] create_desktop_app INFO     Writing /home/XLS_PlatForm/hue-release-3.9.0/NodeState/src/NodeState/settings.py
[13/Dec/2018 01:36:18 -0800] create_desktop_app INFO     Writing /home/XLS_PlatForm/hue-release-3.9.0/NodeState/src/NodeState/urls.py
[13/Dec/2018 01:36:18 -0800] create_desktop_app INFO     Writing /home/XLS_PlatForm/hue-release-3.9.0/NodeState/src/NodeState/views.py
[13/Dec/2018 01:36:18 -0800] create_desktop_app INFO     Writing /home/XLS_PlatForm/hue-release-3.9.0/NodeState/src/NodeState/static/css/NodeState.css
[13/Dec/2018 01:36:18 -0800] create_desktop_app INFO     Writing /home/XLS_PlatForm/hue-release-3.9.0/NodeState/src/NodeState/static/js/NodeState.js
[13/Dec/2018 01:36:18 -0800] create_desktop_app INFO     Writing /home/XLS_PlatForm/hue-release-3.9.0/NodeState/src/NodeState/static/art/icon_NodeState_24.png
[13/Dec/2018 01:36:18 -0800] create_desktop_app INFO     Writing /home/XLS_PlatForm/hue-release-3.9.0/NodeState/src/NodeState/static/art/icon_NodeState_48.png
[13/Dec/2018 01:36:18 -0800] create_desktop_app INFO     Writing /home/XLS_PlatForm/hue-release-3.9.0/NodeState/src/NodeState/static/art/NodeState.png
[13/Dec/2018 01:36:18 -0800] create_desktop_app INFO     Writing /home/XLS_PlatForm/hue-release-3.9.0/NodeState/src/NodeState/static/help/index.md
[13/Dec/2018 01:36:18 -0800] create_desktop_app INFO     Writing /home/XLS_PlatForm/hue-release-3.9.0/NodeState/src/NodeState/templates/index.mako
[13/Dec/2018 01:36:18 -0800] create_desktop_app INFO     Writing /home/XLS_PlatForm/hue-release-3.9.0/NodeState/src/NodeState/templates/shared_components.mako
[13/Dec/2018 17:40:30 ] settings     INFO     Welcome to Hue 3.9.0
[13/Dec/2018 17:40:30 ] appmanager   DEBUG    Loaded Desktop Libraries: hadoop, liboauth, liboozie, libopenid, librdbms, libsaml, libsentry, libsolr, libzookeeper
[13/Dec/2018 17:40:30 ] appmanager   DEBUG    Loaded Desktop Applications: indexer, about, beeswax, filebrowser, hbase, help, impala, jobbrowser, jobsub, metastore, oozie, pig, proxy, rdbms, search, security, spark, sqoop, useradmin, zookeeper, NodeState
[13/Dec/2018 17:40:30 ] settings     DEBUG    Installed Django modules: DesktopModule(hadoop: hadoop),DesktopModule(liboauth: liboauth),DesktopModule(liboozie: liboozie),DesktopModule(libopenid: libopenid),DesktopModule(librdbms: librdbms),DesktopModule(libsaml: libsaml),DesktopModule(libsentry: libsentry),DesktopModule(libsolr: libsolr),DesktopModule(libzookeeper: libzookeeper),DesktopModule(Hue: desktop),DesktopModule(Solr Indexer: indexer),DesktopModule(About: about),DesktopModule(Hive Editor: beeswax),DesktopModule(File Browser: filebrowser),DesktopModule(HBase Browser: hbase),DesktopModule(Help: help),DesktopModule(Impala Editor: impala),DesktopModule(Job Browser: jobbrowser),DesktopModule(Job Designer: jobsub),DesktopModule(Metastore Manager: metastore),DesktopModule(Oozie Editor/Dashboard: oozie),DesktopModule(Pig Editor: pig),DesktopModule(Proxy: proxy),DesktopModule(RDBMS UI: rdbms),DesktopModule(Solr Search: search),DesktopModule(Hadoop Security: security),DesktopModule(Spark: spark),DesktopModule(Sqoop: sqoop),DesktopModule(User Admin: useradmin),DesktopModule(ZooKeeper Browser: zookeeper),DesktopModule(NodeState: NodeState)
[13/Dec/2018 17:40:30 ] settings     DEBUG    DESKTOP_DB_TEST_NAME SET: /home/XLS_PlatForm/hue-release-3.9.0/desktop/desktop-test.db
[13/Dec/2018 01:40:31 -0800] __init__     WARNING  Couldn't import snappy. Support for snappy compression disabled.
[13/Dec/2018 01:40:31 -0800] create_desktop_app INFO     Writing /home/XLS_PlatForm/hue-release-3.9.0/SparkState/Makefile
[13/Dec/2018 01:40:31 -0800] create_desktop_app INFO     Writing /home/XLS_PlatForm/hue-release-3.9.0/SparkState/setup.py
[13/Dec/2018 01:40:31 -0800] create_desktop_app INFO     Writing /home/XLS_PlatForm/hue-release-3.9.0/SparkState/src/SparkState/models.py
[13/Dec/2018 01:40:31 -0800] create_desktop_app INFO     Writing /home/XLS_PlatForm/hue-release-3.9.0/SparkState/src/SparkState/__init__.py
[13/Dec/2018 01:40:31 -0800] create_desktop_app INFO     Writing /home/XLS_PlatForm/hue-release-3.9.0/SparkState/src/SparkState/forms.py
[13/Dec/2018 01:40:31 -0800] create_desktop_app INFO     Writing /home/XLS_PlatForm/hue-release-3.9.0/SparkState/src/SparkState/settings.py
[13/Dec/2018 01:40:31 -0800] create_desktop_app INFO     Writing /home/XLS_PlatForm/hue-release-3.9.0/SparkState/src/SparkState/urls.py
[13/Dec/2018 01:40:31 -0800] create_desktop_app INFO     Writing /home/XLS_PlatForm/hue-release-3.9.0/SparkState/src/SparkState/views.py
[13/Dec/2018 01:40:31 -0800] create_desktop_app INFO     Writing /home/XLS_PlatForm/hue-release-3.9.0/SparkState/src/SparkState/static/css/SparkState.css
[13/Dec/2018 01:40:31 -0800] create_desktop_app INFO     Writing /home/XLS_PlatForm/hue-release-3.9.0/SparkState/src/SparkState/static/js/SparkState.js
[13/Dec/2018 01:40:31 -0800] create_desktop_app INFO     Writing /home/XLS_PlatForm/hue-release-3.9.0/SparkState/src/SparkState/static/art/icon_SparkState_24.png
[13/Dec/2018 01:40:31 -0800] create_desktop_app INFO     Writing /home/XLS_PlatForm/hue-release-3.9.0/SparkState/src/SparkState/static/art/icon_SparkState_48.png
[13/Dec/2018 01:40:31 -0800] create_desktop_app INFO     Writing /home/XLS_PlatForm/hue-release-3.9.0/SparkState/src/SparkState/static/art/SparkState.png
[13/Dec/2018 01:40:31 -0800] create_desktop_app INFO     Writing /home/XLS_PlatForm/hue-release-3.9.0/SparkState/src/SparkState/static/help/index.md
[13/Dec/2018 01:40:31 -0800] create_desktop_app INFO     Writing /home/XLS_PlatForm/hue-release-3.9.0/SparkState/src/SparkState/templates/index.mako
[13/Dec/2018 01:40:31 -0800] create_desktop_app INFO     Writing /home/XLS_PlatForm/hue-release-3.9.0/SparkState/src/SparkState/templates/shared_components.mako
[14/Dec/2018 16:39:54 ] settings     INFO     Welcome to Hue 3.9.0
[14/Dec/2018 16:39:54 ] appmanager   DEBUG    Loaded Desktop Libraries: hadoop, liboauth, liboozie, libopenid, librdbms, libsaml, libsentry, libsolr, libzookeeper
[14/Dec/2018 16:39:54 ] appmanager   DEBUG    Loaded Desktop Applications: indexer, about, beeswax, filebrowser, hbase, help, impala, jobbrowser, jobsub, metastore, oozie, pig, proxy, rdbms, search, security, spark, sqoop, useradmin, zookeeper, NodeState, SparkState
[14/Dec/2018 16:39:54 ] settings     DEBUG    Installed Django modules: DesktopModule(hadoop: hadoop),DesktopModule(liboauth: liboauth),DesktopModule(liboozie: liboozie),DesktopModule(libopenid: libopenid),DesktopModule(librdbms: librdbms),DesktopModule(libsaml: libsaml),DesktopModule(libsentry: libsentry),DesktopModule(libsolr: libsolr),DesktopModule(libzookeeper: libzookeeper),DesktopModule(Hue: desktop),DesktopModule(Solr Indexer: indexer),DesktopModule(About: about),DesktopModule(Hive Editor: beeswax),DesktopModule(File Browser: filebrowser),DesktopModule(HBase Browser: hbase),DesktopModule(Help: help),DesktopModule(Impala Editor: impala),DesktopModule(Job Browser: jobbrowser),DesktopModule(Job Designer: jobsub),DesktopModule(Metastore Manager: metastore),DesktopModule(Oozie Editor/Dashboard: oozie),DesktopModule(Pig Editor: pig),DesktopModule(Proxy: proxy),DesktopModule(RDBMS UI: rdbms),DesktopModule(Solr Search: search),DesktopModule(Hadoop Security: security),DesktopModule(Spark: spark),DesktopModule(Sqoop: sqoop),DesktopModule(User Admin: useradmin),DesktopModule(ZooKeeper Browser: zookeeper),DesktopModule(NodeState: NodeState),DesktopModule(SparkState: SparkState)
[14/Dec/2018 16:39:54 ] settings     DEBUG    DESKTOP_DB_TEST_NAME SET: /home/XLS_PlatForm/hue-release-3.9.0/desktop/desktop-test.db
[14/Dec/2018 00:39:55 -0800] __init__     WARNING  Couldn't import snappy. Support for snappy compression disabled.
[14/Dec/2018 16:40:00 ] settings     INFO     Welcome to Hue 3.9.0
[14/Dec/2018 16:40:00 ] appmanager   DEBUG    Loaded Desktop Libraries: hadoop, liboauth, liboozie, libopenid, librdbms, libsaml, libsentry, libsolr, libzookeeper
[14/Dec/2018 16:40:00 ] appmanager   DEBUG    Loaded Desktop Applications: indexer, about, beeswax, filebrowser, hbase, help, impala, jobbrowser, jobsub, metastore, oozie, pig, proxy, rdbms, search, security, spark, sqoop, useradmin, zookeeper, NodeState, SparkState
[14/Dec/2018 16:40:00 ] settings     DEBUG    Installed Django modules: DesktopModule(hadoop: hadoop),DesktopModule(liboauth: liboauth),DesktopModule(liboozie: liboozie),DesktopModule(libopenid: libopenid),DesktopModule(librdbms: librdbms),DesktopModule(libsaml: libsaml),DesktopModule(libsentry: libsentry),DesktopModule(libsolr: libsolr),DesktopModule(libzookeeper: libzookeeper),DesktopModule(Hue: desktop),DesktopModule(Solr Indexer: indexer),DesktopModule(About: about),DesktopModule(Hive Editor: beeswax),DesktopModule(File Browser: filebrowser),DesktopModule(HBase Browser: hbase),DesktopModule(Help: help),DesktopModule(Impala Editor: impala),DesktopModule(Job Browser: jobbrowser),DesktopModule(Job Designer: jobsub),DesktopModule(Metastore Manager: metastore),DesktopModule(Oozie Editor/Dashboard: oozie),DesktopModule(Pig Editor: pig),DesktopModule(Proxy: proxy),DesktopModule(RDBMS UI: rdbms),DesktopModule(Solr Search: search),DesktopModule(Hadoop Security: security),DesktopModule(Spark: spark),DesktopModule(Sqoop: sqoop),DesktopModule(User Admin: useradmin),DesktopModule(ZooKeeper Browser: zookeeper),DesktopModule(NodeState: NodeState),DesktopModule(SparkState: SparkState)
[14/Dec/2018 16:40:00 ] settings     DEBUG    DESKTOP_DB_TEST_NAME SET: /home/XLS_PlatForm/hue-release-3.9.0/desktop/desktop-test.db
[14/Dec/2018 00:40:01 -0800] __init__     WARNING  Couldn't import snappy. Support for snappy compression disabled.
[17/Dec/2018 13:44:05 ] settings     INFO     Welcome to Hue 3.9.0
[17/Dec/2018 13:44:06 ] appmanager   DEBUG    Loaded Desktop Libraries: hadoop, liboauth, liboozie, libopenid, librdbms, libsaml, libsentry, libsolr, libzookeeper
[17/Dec/2018 13:44:06 ] appmanager   DEBUG    Loaded Desktop Applications: indexer, about, beeswax, filebrowser, hbase, help, impala, jobbrowser, jobsub, metastore, oozie, pig, proxy, rdbms, search, security, spark, sqoop, useradmin, zookeeper, NodeState, SparkState
[17/Dec/2018 13:44:06 ] settings     DEBUG    Installed Django modules: DesktopModule(hadoop: hadoop),DesktopModule(liboauth: liboauth),DesktopModule(liboozie: liboozie),DesktopModule(libopenid: libopenid),DesktopModule(librdbms: librdbms),DesktopModule(libsaml: libsaml),DesktopModule(libsentry: libsentry),DesktopModule(libsolr: libsolr),DesktopModule(libzookeeper: libzookeeper),DesktopModule(Hue: desktop),DesktopModule(Solr Indexer: indexer),DesktopModule(About: about),DesktopModule(Hive Editor: beeswax),DesktopModule(File Browser: filebrowser),DesktopModule(HBase Browser: hbase),DesktopModule(Help: help),DesktopModule(Impala Editor: impala),DesktopModule(Job Browser: jobbrowser),DesktopModule(Job Designer: jobsub),DesktopModule(Metastore Manager: metastore),DesktopModule(Oozie Editor/Dashboard: oozie),DesktopModule(Pig Editor: pig),DesktopModule(Proxy: proxy),DesktopModule(RDBMS UI: rdbms),DesktopModule(Solr Search: search),DesktopModule(Hadoop Security: security),DesktopModule(Spark: spark),DesktopModule(Sqoop: sqoop),DesktopModule(User Admin: useradmin),DesktopModule(ZooKeeper Browser: zookeeper),DesktopModule(NodeState: NodeState),DesktopModule(SparkState: SparkState)
[17/Dec/2018 13:44:06 ] settings     DEBUG    DESKTOP_DB_TEST_NAME SET: /home/XLS_PlatForm/hue-release-3.9.0/desktop/desktop-test.db
[16/Dec/2018 21:44:07 -0800] __init__     WARNING  Couldn't import snappy. Support for snappy compression disabled.
[16/Dec/2018 21:44:07 -0800] create_desktop_app INFO     Writing /home/XLS_PlatForm/hue-release-3.9.0/kettle/Makefile
[16/Dec/2018 21:44:07 -0800] create_desktop_app INFO     Writing /home/XLS_PlatForm/hue-release-3.9.0/kettle/setup.py
[16/Dec/2018 21:44:07 -0800] create_desktop_app INFO     Writing /home/XLS_PlatForm/hue-release-3.9.0/kettle/src/kettle/models.py
[16/Dec/2018 21:44:07 -0800] create_desktop_app INFO     Writing /home/XLS_PlatForm/hue-release-3.9.0/kettle/src/kettle/__init__.py
[16/Dec/2018 21:44:07 -0800] create_desktop_app INFO     Writing /home/XLS_PlatForm/hue-release-3.9.0/kettle/src/kettle/forms.py
[16/Dec/2018 21:44:07 -0800] create_desktop_app INFO     Writing /home/XLS_PlatForm/hue-release-3.9.0/kettle/src/kettle/settings.py
[16/Dec/2018 21:44:07 -0800] create_desktop_app INFO     Writing /home/XLS_PlatForm/hue-release-3.9.0/kettle/src/kettle/urls.py
[16/Dec/2018 21:44:07 -0800] create_desktop_app INFO     Writing /home/XLS_PlatForm/hue-release-3.9.0/kettle/src/kettle/views.py
[16/Dec/2018 21:44:07 -0800] create_desktop_app INFO     Writing /home/XLS_PlatForm/hue-release-3.9.0/kettle/src/kettle/static/css/kettle.css
[16/Dec/2018 21:44:07 -0800] create_desktop_app INFO     Writing /home/XLS_PlatForm/hue-release-3.9.0/kettle/src/kettle/static/js/kettle.js
[16/Dec/2018 21:44:07 -0800] create_desktop_app INFO     Writing /home/XLS_PlatForm/hue-release-3.9.0/kettle/src/kettle/static/art/icon_kettle_24.png
[16/Dec/2018 21:44:07 -0800] create_desktop_app INFO     Writing /home/XLS_PlatForm/hue-release-3.9.0/kettle/src/kettle/static/art/icon_kettle_48.png
[16/Dec/2018 21:44:07 -0800] create_desktop_app INFO     Writing /home/XLS_PlatForm/hue-release-3.9.0/kettle/src/kettle/static/art/kettle.png
[16/Dec/2018 21:44:07 -0800] create_desktop_app INFO     Writing /home/XLS_PlatForm/hue-release-3.9.0/kettle/src/kettle/static/help/index.md
[16/Dec/2018 21:44:07 -0800] create_desktop_app INFO     Writing /home/XLS_PlatForm/hue-release-3.9.0/kettle/src/kettle/templates/index.mako
[16/Dec/2018 21:44:07 -0800] create_desktop_app INFO     Writing /home/XLS_PlatForm/hue-release-3.9.0/kettle/src/kettle/templates/shared_components.mako
[02/Jan/2019 16:11:56 ] settings     INFO     Welcome to Hue 3.9.0
[02/Jan/2019 16:11:56 ] appmanager   DEBUG    Loaded Desktop Libraries: hadoop, liboauth, liboozie, libopenid, librdbms, libsaml, libsentry, libsolr, libzookeeper
[02/Jan/2019 16:11:56 ] appmanager   DEBUG    Loaded Desktop Applications: indexer, about, beeswax, filebrowser, hbase, help, impala, jobbrowser, jobsub, metastore, oozie, pig, proxy, rdbms, search, security, spark, sqoop, useradmin, zookeeper, NodeState, SparkState, kettle
[02/Jan/2019 16:11:56 ] settings     DEBUG    Installed Django modules: DesktopModule(hadoop: hadoop),DesktopModule(liboauth: liboauth),DesktopModule(liboozie: liboozie),DesktopModule(libopenid: libopenid),DesktopModule(librdbms: librdbms),DesktopModule(libsaml: libsaml),DesktopModule(libsentry: libsentry),DesktopModule(libsolr: libsolr),DesktopModule(libzookeeper: libzookeeper),DesktopModule(Hue: desktop),DesktopModule(Solr Indexer: indexer),DesktopModule(About: about),DesktopModule(Hive Editor: beeswax),DesktopModule(File Browser: filebrowser),DesktopModule(HBase Browser: hbase),DesktopModule(Help: help),DesktopModule(Impala Editor: impala),DesktopModule(Job Browser: jobbrowser),DesktopModule(Job Designer: jobsub),DesktopModule(Metastore Manager: metastore),DesktopModule(Oozie Editor/Dashboard: oozie),DesktopModule(Pig Editor: pig),DesktopModule(Proxy: proxy),DesktopModule(RDBMS UI: rdbms),DesktopModule(Solr Search: search),DesktopModule(Hadoop Security: security),DesktopModule(Spark: spark),DesktopModule(Sqoop: sqoop),DesktopModule(User Admin: useradmin),DesktopModule(ZooKeeper Browser: zookeeper),DesktopModule(NodeState: NodeState),DesktopModule(SparkState: SparkState),DesktopModule(kettle: kettle)
[02/Jan/2019 16:11:56 ] settings     DEBUG    DESKTOP_DB_TEST_NAME SET: /home/XLS_PlatForm/hue-release-3.9.0/desktop/desktop-test.db
[02/Jan/2019 00:11:57 -0800] __init__     WARNING  Couldn't import snappy. Support for snappy compression disabled.
[02/Jan/2019 00:11:58 -0800] create_desktop_app INFO     Writing /home/XLS_PlatForm/hue-release-3.9.0/DataExport/Makefile
[02/Jan/2019 00:11:58 -0800] create_desktop_app INFO     Writing /home/XLS_PlatForm/hue-release-3.9.0/DataExport/setup.py
[02/Jan/2019 00:11:58 -0800] create_desktop_app INFO     Writing /home/XLS_PlatForm/hue-release-3.9.0/DataExport/src/DataExport/models.py
[02/Jan/2019 00:11:58 -0800] create_desktop_app INFO     Writing /home/XLS_PlatForm/hue-release-3.9.0/DataExport/src/DataExport/__init__.py
[02/Jan/2019 00:11:58 -0800] create_desktop_app INFO     Writing /home/XLS_PlatForm/hue-release-3.9.0/DataExport/src/DataExport/forms.py
[02/Jan/2019 00:11:58 -0800] create_desktop_app INFO     Writing /home/XLS_PlatForm/hue-release-3.9.0/DataExport/src/DataExport/settings.py
[02/Jan/2019 00:11:58 -0800] create_desktop_app INFO     Writing /home/XLS_PlatForm/hue-release-3.9.0/DataExport/src/DataExport/urls.py
[02/Jan/2019 00:11:58 -0800] create_desktop_app INFO     Writing /home/XLS_PlatForm/hue-release-3.9.0/DataExport/src/DataExport/views.py
[02/Jan/2019 00:11:58 -0800] create_desktop_app INFO     Writing /home/XLS_PlatForm/hue-release-3.9.0/DataExport/src/DataExport/static/css/DataExport.css
[02/Jan/2019 00:11:58 -0800] create_desktop_app INFO     Writing /home/XLS_PlatForm/hue-release-3.9.0/DataExport/src/DataExport/static/js/DataExport.js
[02/Jan/2019 00:11:58 -0800] create_desktop_app INFO     Writing /home/XLS_PlatForm/hue-release-3.9.0/DataExport/src/DataExport/static/art/icon_DataExport_24.png
[02/Jan/2019 00:11:58 -0800] create_desktop_app INFO     Writing /home/XLS_PlatForm/hue-release-3.9.0/DataExport/src/DataExport/static/art/icon_DataExport_48.png
[02/Jan/2019 00:11:58 -0800] create_desktop_app INFO     Writing /home/XLS_PlatForm/hue-release-3.9.0/DataExport/src/DataExport/static/art/DataExport.png
[02/Jan/2019 00:11:58 -0800] create_desktop_app INFO     Writing /home/XLS_PlatForm/hue-release-3.9.0/DataExport/src/DataExport/static/help/index.md
[02/Jan/2019 00:11:58 -0800] create_desktop_app INFO     Writing /home/XLS_PlatForm/hue-release-3.9.0/DataExport/src/DataExport/templates/index.mako
[02/Jan/2019 00:11:58 -0800] create_desktop_app INFO     Writing /home/XLS_PlatForm/hue-release-3.9.0/DataExport/src/DataExport/templates/shared_components.mako
